2025-05-25 09:57:12,668 - INFO - Запуск програми для моніторингу BGP на MikroTik
2025-05-25 09:57:12,838 - INFO - Моніторінг розпочато
2025-05-25 09:57:12,838 - INFO - Attempting to connect to MikroTik 'admin'@192.168.14.1:80
2025-05-25 09:57:12,848 - INFO - Connected to MikroTik 192.168.14.1: Router4
2025-05-25 09:57:13,030 - INFO - Отримано 4 сесій і 15 маршрутів
2025-05-25 09:57:13,032 - INFO - Дані збережено у data/20250525_095713_overall_bgp_data.json
2025-05-25 09:57:13,033 - INFO - Дані успішно збережено
2025-05-25 09:57:14,285 - INFO - Отримано 4 сесій і 15 маршрутів
2025-05-25 09:57:14,288 - INFO - Дані збережено у data/20250525_095714_overall_bgp_data.json
2025-05-25 09:57:14,288 - INFO - Дані успішно збережено
2025-05-25 09:57:14,288 - INFO - Змін у сессіях не відбулось
2025-05-25 09:57:14,289 - INFO - Змін у маршрутах не відбулось
2025-05-25 09:57:14,289 - INFO - Змін у шлюзах не відбулось
2025-05-25 09:57:15,514 - INFO - Отримано 4 сесій і 15 маршрутів
2025-05-25 09:57:15,516 - INFO - Дані збережено у data/20250525_095715_overall_bgp_data.json
2025-05-25 09:57:15,516 - INFO - Дані успішно збережено
2025-05-25 09:57:15,516 - INFO - Змін у сессіях не відбулось
2025-05-25 09:57:15,517 - INFO - Змін у маршрутах не відбулось
2025-05-25 09:57:15,517 - INFO - Змін у шлюзах не відбулось
2025-05-25 09:57:16,719 - INFO - Отримано 4 сесій і 15 маршрутів
2025-05-25 09:57:16,795 - INFO - Дані збережено у data/20250525_095716_overall_bgp_data.json
2025-05-25 09:57:16,795 - INFO - Дані успішно збережено
2025-05-25 09:57:16,796 - INFO - Змін у сессіях не відбулось
2025-05-25 09:57:16,796 - INFO - Змін у маршрутах не відбулось
2025-05-25 09:57:16,796 - INFO - Змін у шлюзах не відбулось
2025-05-25 09:57:18,020 - INFO - Отримано 4 сесій і 15 маршрутів
2025-05-25 09:57:18,070 - INFO - Дані збережено у data/20250525_095718_overall_bgp_data.json
2025-05-25 09:57:18,070 - INFO - Дані успішно збережено
2025-05-25 09:57:18,070 - INFO - Змін у сессіях не відбулось
2025-05-25 09:57:18,070 - INFO - Змін у маршрутах не відбулось
2025-05-25 09:57:18,070 - INFO - Змін у шлюзах не відбулось
2025-05-25 09:57:19,286 - INFO - Отримано 4 сесій і 15 маршрутів
2025-05-25 09:57:19,288 - INFO - Дані збережено у data/20250525_095719_overall_bgp_data.json
2025-05-25 09:57:19,288 - INFO - Дані успішно збережено
2025-05-25 09:57:19,288 - INFO - Змін у сессіях не відбулось
2025-05-25 09:57:19,289 - INFO - Змін у маршрутах не відбулось
2025-05-25 09:57:19,289 - INFO - Змін у шлюзах не відбулось
2025-05-25 09:57:20,499 - INFO - Отримано 4 сесій і 15 маршрутів
2025-05-25 09:57:20,501 - INFO - Дані збережено у data/20250525_095720_overall_bgp_data.json
2025-05-25 09:57:20,502 - INFO - Дані успішно збережено
2025-05-25 09:57:20,502 - INFO - Змін у сессіях не відбулось
2025-05-25 09:57:20,502 - INFO - Змін у маршрутах не відбулось
2025-05-25 09:57:20,503 - INFO - Змін у шлюзах не відбулось
2025-05-25 09:57:21,709 - INFO - Отримано 4 сесій і 15 маршрутів
2025-05-25 09:57:21,767 - INFO - Дані збережено у data/20250525_095721_overall_bgp_data.json
2025-05-25 09:57:21,768 - INFO - Дані успішно збережено
2025-05-25 09:57:21,768 - INFO - Змін у сессіях не відбулось
2025-05-25 09:57:21,769 - INFO - Змін у маршрутах не відбулось
2025-05-25 09:57:21,769 - INFO - Змін у шлюзах не відбулось
2025-05-25 09:57:22,981 - INFO - Отримано 4 сесій і 15 маршрутів
2025-05-25 09:57:22,983 - INFO - Дані збережено у data/20250525_095722_overall_bgp_data.json
2025-05-25 09:57:22,983 - INFO - Дані успішно збережено
2025-05-25 09:57:22,983 - INFO - Змін у сессіях не відбулось
2025-05-25 09:57:22,984 - INFO - Змін у маршрутах не відбулось
2025-05-25 09:57:22,984 - INFO - Змін у шлюзах не відбулось
2025-05-25 09:57:24,188 - INFO - Отримано 4 сесій і 15 маршрутів
2025-05-25 09:57:24,190 - INFO - Дані збережено у data/20250525_095724_overall_bgp_data.json
2025-05-25 09:57:24,190 - INFO - Дані успішно збережено
2025-05-25 09:57:24,191 - INFO - Змін у сессіях не відбулось
2025-05-25 09:57:24,191 - INFO - Змін у маршрутах не відбулось
2025-05-25 09:57:24,191 - INFO - Змін у шлюзах не відбулось
2025-05-25 09:57:25,526 - INFO - Отримано 4 сесій і 15 маршрутів
2025-05-25 09:57:25,528 - INFO - Дані збережено у data/20250525_095725_overall_bgp_data.json
2025-05-25 09:57:25,529 - INFO - Дані успішно збережено
2025-05-25 09:57:25,529 - INFO - Змін у сессіях не відбулось
2025-05-25 09:57:25,529 - INFO - Змін у маршрутах не відбулось
2025-05-25 09:57:25,530 - INFO - Змін у шлюзах не відбулось
2025-05-25 09:57:26,747 - INFO - Отримано 4 сесій і 15 маршрутів
2025-05-25 09:57:26,749 - INFO - Дані збережено у data/20250525_095726_overall_bgp_data.json
2025-05-25 09:57:26,749 - INFO - Дані успішно збережено
2025-05-25 09:57:26,750 - INFO - Змін у сессіях не відбулось
2025-05-25 09:57:26,750 - INFO - Змін у маршрутах не відбулось
2025-05-25 09:57:26,750 - INFO - Змін у шлюзах не відбулось
2025-05-25 09:57:27,962 - INFO - Отримано 4 сесій і 15 маршрутів
2025-05-25 09:57:27,964 - INFO - Дані збережено у data/20250525_095727_overall_bgp_data.json
2025-05-25 09:57:27,964 - INFO - Дані успішно збережено
2025-05-25 09:57:27,964 - INFO - Змін у сессіях не відбулось
2025-05-25 09:57:27,965 - INFO - Змін у маршрутах не відбулось
2025-05-25 09:57:27,965 - INFO - Змін у шлюзах не відбулось
2025-05-25 09:57:29,203 - INFO - Отримано 4 сесій і 15 маршрутів
2025-05-25 09:57:29,204 - INFO - Дані збережено у data/20250525_095729_overall_bgp_data.json
2025-05-25 09:57:29,205 - INFO - Дані успішно збережено
2025-05-25 09:57:29,205 - INFO - Змін у сессіях не відбулось
2025-05-25 09:57:29,205 - INFO - Змін у маршрутах не відбулось
2025-05-25 09:57:29,205 - INFO - Змін у шлюзах не відбулось
2025-05-25 09:57:30,426 - INFO - Отримано 4 сесій і 15 маршрутів
2025-05-25 09:57:30,428 - INFO - Дані збережено у data/20250525_095730_overall_bgp_data.json
2025-05-25 09:57:30,429 - INFO - Дані успішно збережено
2025-05-25 09:57:30,429 - INFO - Змін у сессіях не відбулось
2025-05-25 09:57:30,429 - INFO - Змін у маршрутах не відбулось
2025-05-25 09:57:30,430 - INFO - Змін у шлюзах не відбулось
2025-05-25 09:57:31,761 - INFO - Отримано 4 сесій і 15 маршрутів
2025-05-25 09:57:31,796 - INFO - Дані збережено у data/20250525_095731_overall_bgp_data.json
2025-05-25 09:57:31,796 - INFO - Дані успішно збережено
2025-05-25 09:57:31,797 - INFO - Змін у сессіях не відбулось
2025-05-25 09:57:31,797 - INFO - Змін у маршрутах не відбулось
2025-05-25 09:57:31,797 - INFO - Змін у шлюзах не відбулось
2025-05-25 09:57:33,067 - INFO - Отримано 4 сесій і 15 маршрутів
2025-05-25 09:57:33,069 - INFO - Дані збережено у data/20250525_095733_overall_bgp_data.json
2025-05-25 09:57:33,069 - INFO - Дані успішно збережено
2025-05-25 09:57:33,070 - INFO - Змін у сессіях не відбулось
2025-05-25 09:57:33,070 - INFO - Змін у маршрутах не відбулось
2025-05-25 09:57:33,070 - INFO - Змін у шлюзах не відбулось
2025-05-25 09:57:34,292 - INFO - Отримано 4 сесій і 15 маршрутів
2025-05-25 09:57:34,294 - INFO - Дані збережено у data/20250525_095734_overall_bgp_data.json
2025-05-25 09:57:34,294 - INFO - Дані успішно збережено
2025-05-25 09:57:34,295 - INFO - Змін у сессіях не відбулось
2025-05-25 09:57:34,295 - INFO - Змін у маршрутах не відбулось
2025-05-25 09:57:34,295 - INFO - Змін у шлюзах не відбулось
2025-05-25 09:57:35,513 - INFO - Отримано 4 сесій і 13 маршрутів
2025-05-25 09:57:35,516 - INFO - Дані збережено у data/20250525_095735_overall_bgp_data.json
2025-05-25 09:57:35,516 - INFO - Дані успішно збережено
2025-05-25 09:57:35,516 - CRITICAL - Маршрути відмінні від еталону, відстань: 2
2025-05-25 09:57:35,517 - INFO - Змін у сессіях не відбулось
2025-05-25 09:57:35,518 - CRITICAL - Відбулись зміни у маршрутах, відстань: 2
2025-05-25 09:57:35,518 - INFO - Змін у шлюзах не відбулось
2025-05-25 09:57:36,790 - INFO - Отримано 4 сесій і 13 маршрутів
2025-05-25 09:57:36,798 - INFO - Дані збережено у data/20250525_095736_overall_bgp_data.json
2025-05-25 09:57:36,798 - INFO - Дані успішно збережено
2025-05-25 09:57:36,799 - CRITICAL - Маршрути відмінні від еталону, відстань: 2
2025-05-25 09:57:36,799 - INFO - Змін у сессіях не відбулось
2025-05-25 09:57:36,800 - INFO - Змін у маршрутах не відбулось
2025-05-25 09:57:36,800 - INFO - Змін у шлюзах не відбулось
2025-05-25 09:57:38,090 - INFO - Отримано 4 сесій і 13 маршрутів
2025-05-25 09:57:38,091 - INFO - Дані збережено у data/20250525_095738_overall_bgp_data.json
2025-05-25 09:57:38,092 - INFO - Дані успішно збережено
2025-05-25 09:57:38,092 - CRITICAL - Маршрути відмінні від еталону, відстань: 2
2025-05-25 09:57:38,093 - INFO - Змін у сессіях не відбулось
2025-05-25 09:57:38,093 - INFO - Змін у маршрутах не відбулось
2025-05-25 09:57:38,093 - INFO - Змін у шлюзах не відбулось
2025-05-25 09:57:39,310 - INFO - Отримано 4 сесій і 13 маршрутів
2025-05-25 09:57:39,313 - INFO - Дані збережено у data/20250525_095739_overall_bgp_data.json
2025-05-25 09:57:39,313 - INFO - Дані успішно збережено
2025-05-25 09:57:39,313 - CRITICAL - Маршрути відмінні від еталону, відстань: 2
2025-05-25 09:57:39,314 - INFO - Змін у сессіях не відбулось
2025-05-25 09:57:39,314 - INFO - Змін у маршрутах не відбулось
2025-05-25 09:57:39,314 - INFO - Змін у шлюзах не відбулось
2025-05-25 09:57:40,525 - INFO - Отримано 4 сесій і 13 маршрутів
2025-05-25 09:57:40,527 - INFO - Дані збережено у data/20250525_095740_overall_bgp_data.json
2025-05-25 09:57:40,527 - INFO - Дані успішно збережено
2025-05-25 09:57:40,528 - CRITICAL - Маршрути відмінні від еталону, відстань: 2
2025-05-25 09:57:40,528 - INFO - Змін у сессіях не відбулось
2025-05-25 09:57:40,529 - INFO - Змін у маршрутах не відбулось
2025-05-25 09:57:40,529 - INFO - Змін у шлюзах не відбулось
2025-05-25 09:57:41,810 - INFO - Отримано 4 сесій і 13 маршрутів
2025-05-25 09:57:41,829 - INFO - Дані збережено у data/20250525_095741_overall_bgp_data.json
2025-05-25 09:57:41,829 - INFO - Дані успішно збережено
2025-05-25 09:57:41,830 - CRITICAL - Маршрути відмінні від еталону, відстань: 2
2025-05-25 09:57:41,830 - INFO - Змін у сессіях не відбулось
2025-05-25 09:57:41,831 - INFO - Змін у маршрутах не відбулось
2025-05-25 09:57:41,831 - INFO - Змін у шлюзах не відбулось
2025-05-25 09:57:43,057 - INFO - Отримано 4 сесій і 13 маршрутів
2025-05-25 09:57:43,059 - INFO - Дані збережено у data/20250525_095743_overall_bgp_data.json
2025-05-25 09:57:43,059 - INFO - Дані успішно збережено
2025-05-25 09:57:43,059 - CRITICAL - Маршрути відмінні від еталону, відстань: 2
2025-05-25 09:57:43,060 - INFO - Змін у сессіях не відбулось
2025-05-25 09:57:43,060 - INFO - Змін у маршрутах не відбулось
2025-05-25 09:57:43,060 - INFO - Змін у шлюзах не відбулось
2025-05-25 09:57:44,304 - INFO - Отримано 4 сесій і 13 маршрутів
2025-05-25 09:57:44,306 - INFO - Дані збережено у data/20250525_095744_overall_bgp_data.json
2025-05-25 09:57:44,307 - INFO - Дані успішно збережено
2025-05-25 09:57:44,308 - CRITICAL - Маршрути відмінні від еталону, відстань: 2
2025-05-25 09:57:44,309 - INFO - Змін у сессіях не відбулось
2025-05-25 09:57:44,309 - INFO - Змін у маршрутах не відбулось
2025-05-25 09:57:44,309 - INFO - Змін у шлюзах не відбулось
2025-05-25 09:57:45,552 - INFO - Отримано 4 сесій і 13 маршрутів
2025-05-25 09:57:45,554 - INFO - Дані збережено у data/20250525_095745_overall_bgp_data.json
2025-05-25 09:57:45,554 - INFO - Дані успішно збережено
2025-05-25 09:57:45,555 - CRITICAL - Маршрути відмінні від еталону, відстань: 2
2025-05-25 09:57:45,555 - INFO - Змін у сессіях не відбулось
2025-05-25 09:57:45,555 - INFO - Змін у маршрутах не відбулось
2025-05-25 09:57:45,556 - INFO - Змін у шлюзах не відбулось
2025-05-25 09:57:46,757 - INFO - Отримано 4 сесій і 13 маршрутів
2025-05-25 09:57:46,760 - INFO - Дані збережено у data/20250525_095746_overall_bgp_data.json
2025-05-25 09:57:46,760 - INFO - Дані успішно збережено
2025-05-25 09:57:46,761 - CRITICAL - Маршрути відмінні від еталону, відстань: 2
2025-05-25 09:57:46,761 - INFO - Змін у сессіях не відбулось
2025-05-25 09:57:46,762 - INFO - Змін у маршрутах не відбулось
2025-05-25 09:57:46,762 - INFO - Змін у шлюзах не відбулось
2025-05-25 09:57:47,980 - INFO - Отримано 4 сесій і 15 маршрутів
2025-05-25 09:57:47,982 - INFO - Дані збережено у data/20250525_095747_overall_bgp_data.json
2025-05-25 09:57:47,983 - INFO - Дані успішно збережено
2025-05-25 09:57:47,983 - INFO - Змін у сессіях не відбулось
2025-05-25 09:57:47,984 - CRITICAL - Відбулись зміни у маршрутах, відстань: 2
2025-05-25 09:57:47,984 - INFO - Змін у шлюзах не відбулось
2025-05-25 09:57:49,227 - INFO - Отримано 4 сесій і 15 маршрутів
2025-05-25 09:57:49,230 - INFO - Дані збережено у data/20250525_095749_overall_bgp_data.json
2025-05-25 09:57:49,230 - INFO - Дані успішно збережено
2025-05-25 09:57:49,231 - INFO - Змін у сессіях не відбулось
2025-05-25 09:57:49,231 - INFO - Змін у маршрутах не відбулось
2025-05-25 09:57:49,231 - INFO - Змін у шлюзах не відбулось
2025-05-25 09:57:50,446 - INFO - Отримано 4 сесій і 15 маршрутів
2025-05-25 09:57:50,448 - INFO - Дані збережено у data/20250525_095750_overall_bgp_data.json
2025-05-25 09:57:50,449 - INFO - Дані успішно збережено
2025-05-25 09:57:50,449 - INFO - Змін у сессіях не відбулось
2025-05-25 09:57:50,449 - INFO - Змін у маршрутах не відбулось
2025-05-25 09:57:50,450 - INFO - Змін у шлюзах не відбулось
2025-05-25 09:57:51,665 - INFO - Отримано 4 сесій і 15 маршрутів
2025-05-25 09:57:51,668 - INFO - Дані збережено у data/20250525_095751_overall_bgp_data.json
2025-05-25 09:57:51,668 - INFO - Дані успішно збережено
2025-05-25 09:57:51,668 - INFO - Змін у сессіях не відбулось
2025-05-25 09:57:51,669 - INFO - Змін у маршрутах не відбулось
2025-05-25 09:57:51,669 - INFO - Змін у шлюзах не відбулось
2025-05-25 09:57:52,887 - INFO - Отримано 4 сесій і 15 маршрутів
2025-05-25 09:57:52,889 - INFO - Дані збережено у data/20250525_095752_overall_bgp_data.json
2025-05-25 09:57:52,889 - INFO - Дані успішно збережено
2025-05-25 09:57:52,890 - INFO - Змін у сессіях не відбулось
2025-05-25 09:57:52,890 - INFO - Змін у маршрутах не відбулось
2025-05-25 09:57:52,890 - INFO - Змін у шлюзах не відбулось
2025-05-25 09:57:54,102 - INFO - Отримано 4 сесій і 15 маршрутів
2025-05-25 09:57:54,104 - INFO - Дані збережено у data/20250525_095754_overall_bgp_data.json
2025-05-25 09:57:54,104 - INFO - Дані успішно збережено
2025-05-25 09:57:54,104 - INFO - Змін у сессіях не відбулось
2025-05-25 09:57:54,105 - INFO - Змін у маршрутах не відбулось
2025-05-25 09:57:54,105 - INFO - Змін у шлюзах не відбулось
2025-05-25 09:57:55,317 - INFO - Отримано 4 сесій і 15 маршрутів
2025-05-25 09:57:55,319 - INFO - Дані збережено у data/20250525_095755_overall_bgp_data.json
2025-05-25 09:57:55,319 - INFO - Дані успішно збережено
2025-05-25 09:57:55,320 - INFO - Змін у сессіях не відбулось
2025-05-25 09:57:55,320 - INFO - Змін у маршрутах не відбулось
2025-05-25 09:57:55,320 - INFO - Змін у шлюзах не відбулось
2025-05-25 09:57:56,529 - INFO - Отримано 4 сесій і 15 маршрутів
2025-05-25 09:57:56,532 - INFO - Дані збережено у data/20250525_095756_overall_bgp_data.json
2025-05-25 09:57:56,532 - INFO - Дані успішно збережено
2025-05-25 09:57:56,533 - INFO - Змін у сессіях не відбулось
2025-05-25 09:57:56,533 - INFO - Змін у маршрутах не відбулось
2025-05-25 09:57:56,533 - INFO - Змін у шлюзах не відбулось
2025-05-25 09:57:57,744 - INFO - Отримано 4 сесій і 15 маршрутів
2025-05-25 09:57:57,746 - INFO - Дані збережено у data/20250525_095757_overall_bgp_data.json
2025-05-25 09:57:57,747 - INFO - Дані успішно збережено
2025-05-25 09:57:57,747 - INFO - Змін у сессіях не відбулось
2025-05-25 09:57:57,747 - INFO - Змін у маршрутах не відбулось
2025-05-25 09:57:57,748 - INFO - Змін у шлюзах не відбулось
2025-05-25 09:57:58,960 - INFO - Отримано 4 сесій і 15 маршрутів
2025-05-25 09:57:58,962 - INFO - Дані збережено у data/20250525_095758_overall_bgp_data.json
2025-05-25 09:57:58,962 - INFO - Дані успішно збережено
2025-05-25 09:57:58,962 - INFO - Змін у сессіях не відбулось
2025-05-25 09:57:58,963 - INFO - Змін у маршрутах не відбулось
2025-05-25 09:57:58,963 - INFO - Змін у шлюзах не відбулось
2025-05-25 09:58:00,206 - INFO - Отримано 4 сесій і 15 маршрутів
2025-05-25 09:58:00,208 - INFO - Дані збережено у data/20250525_095800_overall_bgp_data.json
2025-05-25 09:58:00,209 - INFO - Дані успішно збережено
2025-05-25 09:58:00,209 - INFO - Змін у сессіях не відбулось
2025-05-25 09:58:00,210 - INFO - Змін у маршрутах не відбулось
2025-05-25 09:58:00,210 - INFO - Змін у шлюзах не відбулось
2025-05-25 09:58:01,423 - INFO - Отримано 4 сесій і 15 маршрутів
2025-05-25 09:58:01,425 - INFO - Дані збережено у data/20250525_095801_overall_bgp_data.json
2025-05-25 09:58:01,425 - INFO - Дані успішно збережено
2025-05-25 09:58:01,426 - INFO - Змін у сессіях не відбулось
2025-05-25 09:58:01,426 - INFO - Змін у маршрутах не відбулось
2025-05-25 09:58:01,426 - INFO - Змін у шлюзах не відбулось
2025-05-25 09:58:02,635 - INFO - Отримано 4 сесій і 15 маршрутів
2025-05-25 09:58:02,637 - INFO - Дані збережено у data/20250525_095802_overall_bgp_data.json
2025-05-25 09:58:02,638 - INFO - Дані успішно збережено
2025-05-25 09:58:02,638 - INFO - Змін у сессіях не відбулось
2025-05-25 09:58:02,638 - INFO - Змін у маршрутах не відбулось
2025-05-25 09:58:02,639 - INFO - Змін у шлюзах не відбулось
2025-05-25 09:58:03,854 - INFO - Отримано 4 сесій і 15 маршрутів
2025-05-25 09:58:03,856 - INFO - Дані збережено у data/20250525_095803_overall_bgp_data.json
2025-05-25 09:58:03,856 - INFO - Дані успішно збережено
2025-05-25 09:58:03,857 - INFO - Змін у сессіях не відбулось
2025-05-25 09:58:03,857 - INFO - Змін у маршрутах не відбулось
2025-05-25 09:58:03,857 - INFO - Змін у шлюзах не відбулось
2025-05-25 09:58:05,075 - INFO - Отримано 4 сесій і 15 маршрутів
2025-05-25 09:58:05,076 - INFO - Дані збережено у data/20250525_095805_overall_bgp_data.json
2025-05-25 09:58:05,077 - INFO - Дані успішно збережено
2025-05-25 09:58:05,077 - INFO - Змін у сессіях не відбулось
2025-05-25 09:58:05,077 - INFO - Змін у маршрутах не відбулось
2025-05-25 09:58:05,078 - INFO - Змін у шлюзах не відбулось
2025-05-25 09:58:06,290 - INFO - Отримано 4 сесій і 15 маршрутів
2025-05-25 09:58:06,292 - INFO - Дані збережено у data/20250525_095806_overall_bgp_data.json
2025-05-25 09:58:06,293 - INFO - Дані успішно збережено
2025-05-25 09:58:06,293 - INFO - Змін у сессіях не відбулось
2025-05-25 09:58:06,293 - INFO - Змін у маршрутах не відбулось
2025-05-25 09:58:06,294 - INFO - Змін у шлюзах не відбулось
2025-05-25 09:58:07,507 - INFO - Отримано 4 сесій і 15 маршрутів
2025-05-25 09:58:07,509 - INFO - Дані збережено у data/20250525_095807_overall_bgp_data.json
2025-05-25 09:58:07,509 - INFO - Дані успішно збережено
2025-05-25 09:58:07,509 - INFO - Змін у сессіях не відбулось
2025-05-25 09:58:07,510 - INFO - Змін у маршрутах не відбулось
2025-05-25 09:58:07,510 - INFO - Змін у шлюзах не відбулось
2025-05-25 09:58:08,729 - INFO - Отримано 4 сесій і 15 маршрутів
2025-05-25 09:58:08,732 - INFO - Дані збережено у data/20250525_095808_overall_bgp_data.json
2025-05-25 09:58:08,732 - INFO - Дані успішно збережено
2025-05-25 09:58:08,732 - INFO - Змін у сессіях не відбулось
2025-05-25 09:58:08,733 - INFO - Змін у маршрутах не відбулось
2025-05-25 09:58:08,733 - INFO - Змін у шлюзах не відбулось
2025-05-25 09:58:09,953 - INFO - Отримано 4 сесій і 15 маршрутів
2025-05-25 09:58:09,976 - INFO - Дані збережено у data/20250525_095809_overall_bgp_data.json
2025-05-25 09:58:09,976 - INFO - Дані успішно збережено
2025-05-25 09:58:09,977 - INFO - Змін у сессіях не відбулось
2025-05-25 09:58:09,977 - INFO - Змін у маршрутах не відбулось
2025-05-25 09:58:09,978 - INFO - Змін у шлюзах не відбулось
2025-05-25 09:58:11,186 - INFO - Отримано 4 сесій і 15 маршрутів
2025-05-25 09:58:11,188 - INFO - Дані збережено у data/20250525_095811_overall_bgp_data.json
2025-05-25 09:58:11,188 - INFO - Дані успішно збережено
2025-05-25 09:58:11,188 - INFO - Змін у сессіях не відбулось
2025-05-25 09:58:11,189 - INFO - Змін у маршрутах не відбулось
2025-05-25 09:58:11,189 - INFO - Змін у шлюзах не відбулось
2025-05-25 09:58:12,399 - INFO - Отримано 4 сесій і 15 маршрутів
2025-05-25 09:58:12,401 - INFO - Дані збережено у data/20250525_095812_overall_bgp_data.json
2025-05-25 09:58:12,401 - INFO - Дані успішно збережено
2025-05-25 09:58:12,401 - INFO - Змін у сессіях не відбулось
2025-05-25 09:58:12,401 - INFO - Змін у маршрутах не відбулось
2025-05-25 09:58:12,402 - INFO - Змін у шлюзах не відбулось
2025-05-25 09:58:13,628 - INFO - Отримано 4 сесій і 15 маршрутів
2025-05-25 09:58:13,630 - INFO - Дані збережено у data/20250525_095813_overall_bgp_data.json
2025-05-25 09:58:13,630 - INFO - Дані успішно збережено
2025-05-25 09:58:13,631 - INFO - Змін у сессіях не відбулось
2025-05-25 09:58:13,631 - INFO - Змін у маршрутах не відбулось
2025-05-25 09:58:13,631 - INFO - Змін у шлюзах не відбулось
2025-05-25 09:58:14,856 - INFO - Отримано 4 сесій і 15 маршрутів
2025-05-25 09:58:14,858 - INFO - Дані збережено у data/20250525_095814_overall_bgp_data.json
2025-05-25 09:58:14,859 - INFO - Дані успішно збережено
2025-05-25 09:58:14,859 - INFO - Змін у сессіях не відбулось
2025-05-25 09:58:14,860 - INFO - Змін у маршрутах не відбулось
2025-05-25 09:58:14,860 - INFO - Змін у шлюзах не відбулось
2025-05-25 09:58:16,092 - INFO - Отримано 4 сесій і 15 маршрутів
2025-05-25 09:58:16,094 - INFO - Дані збережено у data/20250525_095816_overall_bgp_data.json
2025-05-25 09:58:16,094 - INFO - Дані успішно збережено
2025-05-25 09:58:16,094 - INFO - Змін у сессіях не відбулось
2025-05-25 09:58:16,095 - INFO - Змін у маршрутах не відбулось
2025-05-25 09:58:16,095 - INFO - Змін у шлюзах не відбулось
2025-05-25 09:58:17,312 - INFO - Отримано 4 сесій і 15 маршрутів
2025-05-25 09:58:17,315 - INFO - Дані збережено у data/20250525_095817_overall_bgp_data.json
2025-05-25 09:58:17,315 - INFO - Дані успішно збережено
2025-05-25 09:58:17,315 - INFO - Змін у сессіях не відбулось
2025-05-25 09:58:17,316 - INFO - Змін у маршрутах не відбулось
2025-05-25 09:58:17,316 - INFO - Змін у шлюзах не відбулось
2025-05-25 09:58:18,533 - INFO - Отримано 4 сесій і 15 маршрутів
2025-05-25 09:58:18,535 - INFO - Дані збережено у data/20250525_095818_overall_bgp_data.json
2025-05-25 09:58:18,536 - INFO - Дані успішно збережено
2025-05-25 09:58:18,536 - INFO - Змін у сессіях не відбулось
2025-05-25 09:58:18,536 - INFO - Змін у маршрутах не відбулось
2025-05-25 09:58:18,537 - INFO - Змін у шлюзах не відбулось
2025-05-25 09:58:19,751 - INFO - Отримано 4 сесій і 15 маршрутів
2025-05-25 09:58:19,754 - INFO - Дані збережено у data/20250525_095819_overall_bgp_data.json
2025-05-25 09:58:19,754 - INFO - Дані успішно збережено
2025-05-25 09:58:19,754 - INFO - Змін у сессіях не відбулось
2025-05-25 09:58:19,755 - INFO - Змін у маршрутах не відбулось
2025-05-25 09:58:19,755 - INFO - Змін у шлюзах не відбулось
2025-05-25 09:58:20,969 - INFO - Отримано 4 сесій і 15 маршрутів
2025-05-25 09:58:20,970 - INFO - Дані збережено у data/20250525_095820_overall_bgp_data.json
2025-05-25 09:58:20,971 - INFO - Дані успішно збережено
2025-05-25 09:58:20,971 - INFO - Змін у сессіях не відбулось
2025-05-25 09:58:20,971 - INFO - Змін у маршрутах не відбулось
2025-05-25 09:58:20,972 - INFO - Змін у шлюзах не відбулось
2025-05-25 09:58:22,177 - INFO - Отримано 4 сесій і 15 маршрутів
2025-05-25 09:58:22,180 - INFO - Дані збережено у data/20250525_095822_overall_bgp_data.json
2025-05-25 09:58:22,180 - INFO - Дані успішно збережено
2025-05-25 09:58:22,181 - INFO - Змін у сессіях не відбулось
2025-05-25 09:58:22,181 - INFO - Змін у маршрутах не відбулось
2025-05-25 09:58:22,181 - INFO - Змін у шлюзах не відбулось
2025-05-25 09:58:23,393 - INFO - Отримано 4 сесій і 15 маршрутів
2025-05-25 09:58:23,394 - INFO - Дані збережено у data/20250525_095823_overall_bgp_data.json
2025-05-25 09:58:23,395 - INFO - Дані успішно збережено
2025-05-25 09:58:23,395 - INFO - Змін у сессіях не відбулось
2025-05-25 09:58:23,395 - INFO - Змін у маршрутах не відбулось
2025-05-25 09:58:23,396 - INFO - Змін у шлюзах не відбулось
2025-05-25 09:58:24,625 - INFO - Отримано 4 сесій і 15 маршрутів
2025-05-25 09:58:24,628 - INFO - Дані збережено у data/20250525_095824_overall_bgp_data.json
2025-05-25 09:58:24,628 - INFO - Дані успішно збережено
2025-05-25 09:58:24,629 - INFO - Змін у сессіях не відбулось
2025-05-25 09:58:24,629 - INFO - Змін у маршрутах не відбулось
2025-05-25 09:58:24,629 - INFO - Змін у шлюзах не відбулось
2025-05-25 09:58:25,844 - INFO - Отримано 4 сесій і 15 маршрутів
2025-05-25 09:58:25,846 - INFO - Дані збережено у data/20250525_095825_overall_bgp_data.json
2025-05-25 09:58:25,847 - INFO - Дані успішно збережено
2025-05-25 09:58:25,847 - INFO - Змін у сессіях не відбулось
2025-05-25 09:58:25,847 - INFO - Змін у маршрутах не відбулось
2025-05-25 09:58:25,848 - INFO - Змін у шлюзах не відбулось
2025-05-25 09:58:27,074 - INFO - Отримано 4 сесій і 15 маршрутів
2025-05-25 09:58:27,076 - INFO - Дані збережено у data/20250525_095827_overall_bgp_data.json
2025-05-25 09:58:27,076 - INFO - Дані успішно збережено
2025-05-25 09:58:27,077 - INFO - Змін у сессіях не відбулось
2025-05-25 09:58:27,077 - INFO - Змін у маршрутах не відбулось
2025-05-25 09:58:27,077 - INFO - Змін у шлюзах не відбулось
2025-05-25 09:58:28,491 - INFO - Отримано 4 сесій і 15 маршрутів
2025-05-25 09:58:28,493 - INFO - Дані збережено у data/20250525_095828_overall_bgp_data.json
2025-05-25 09:58:28,494 - INFO - Дані успішно збережено
2025-05-25 09:58:28,494 - INFO - Змін у сессіях не відбулось
2025-05-25 09:58:28,495 - INFO - Змін у маршрутах не відбулось
2025-05-25 09:58:28,495 - INFO - Змін у шлюзах не відбулось
2025-05-25 09:58:29,738 - INFO - Отримано 4 сесій і 15 маршрутів
2025-05-25 09:58:29,763 - INFO - Дані збережено у data/20250525_095829_overall_bgp_data.json
2025-05-25 09:58:29,764 - INFO - Дані успішно збережено
2025-05-25 09:58:29,764 - INFO - Змін у сессіях не відбулось
2025-05-25 09:58:29,764 - INFO - Змін у маршрутах не відбулось
2025-05-25 09:58:29,764 - INFO - Змін у шлюзах не відбулось
2025-05-25 09:58:30,993 - INFO - Отримано 4 сесій і 15 маршрутів
2025-05-25 09:58:30,995 - INFO - Дані збережено у data/20250525_095830_overall_bgp_data.json
2025-05-25 09:58:30,995 - INFO - Дані успішно збережено
2025-05-25 09:58:30,996 - INFO - Змін у сессіях не відбулось
2025-05-25 09:58:30,996 - INFO - Змін у маршрутах не відбулось
2025-05-25 09:58:30,996 - INFO - Змін у шлюзах не відбулось
2025-05-25 09:58:32,282 - INFO - Отримано 4 сесій і 15 маршрутів
2025-05-25 09:58:32,284 - INFO - Дані збережено у data/20250525_095832_overall_bgp_data.json
2025-05-25 09:58:32,285 - INFO - Дані успішно збережено
2025-05-25 09:58:32,285 - INFO - Змін у сессіях не відбулось
2025-05-25 09:58:32,285 - INFO - Змін у маршрутах не відбулось
2025-05-25 09:58:32,286 - INFO - Змін у шлюзах не відбулось
2025-05-25 09:58:33,494 - INFO - Отримано 4 сесій і 15 маршрутів
2025-05-25 09:58:33,496 - INFO - Дані збережено у data/20250525_095833_overall_bgp_data.json
2025-05-25 09:58:33,496 - INFO - Дані успішно збережено
2025-05-25 09:58:33,497 - INFO - Змін у сессіях не відбулось
2025-05-25 09:58:33,497 - INFO - Змін у маршрутах не відбулось
2025-05-25 09:58:33,497 - INFO - Змін у шлюзах не відбулось
2025-05-25 09:58:34,720 - INFO - Отримано 4 сесій і 15 маршрутів
2025-05-25 09:58:34,723 - INFO - Дані збережено у data/20250525_095834_overall_bgp_data.json
2025-05-25 09:58:34,723 - INFO - Дані успішно збережено
2025-05-25 09:58:34,723 - INFO - Змін у сессіях не відбулось
2025-05-25 09:58:34,724 - INFO - Змін у маршрутах не відбулось
2025-05-25 09:58:34,724 - INFO - Змін у шлюзах не відбулось
2025-05-25 09:58:35,947 - INFO - Отримано 4 сесій і 15 маршрутів
2025-05-25 09:58:35,949 - INFO - Дані збережено у data/20250525_095835_overall_bgp_data.json
2025-05-25 09:58:35,949 - INFO - Дані успішно збережено
2025-05-25 09:58:35,949 - INFO - Змін у сессіях не відбулось
2025-05-25 09:58:35,950 - INFO - Змін у маршрутах не відбулось
2025-05-25 09:58:35,950 - INFO - Змін у шлюзах не відбулось
2025-05-25 09:58:36,410 - INFO - Connection to MikroTik closed
2025-05-25 09:58:36,411 - INFO - Моніторінг припинено
