2025-05-25 09:55:59,821 - INFO - Запуск програми для моніторингу BGP на MikroTik
2025-05-25 09:55:59,992 - INFO - Моніторінг розпочато
2025-05-25 09:55:59,993 - INFO - Attempting to connect to MikroTik 'admin'@192.168.14.1:80
2025-05-25 09:56:00,198 - INFO - Connected to MikroTik 192.168.14.1: Router4
2025-05-25 09:56:00,418 - INFO - Отримано 4 сесій і 15 маршрутів
2025-05-25 09:56:00,420 - INFO - Дані збережено у data/20250525_095600_overall_bgp_data.json
2025-05-25 09:56:00,421 - INFO - Дані успішно збережено
2025-05-25 09:56:01,661 - INFO - Отримано 4 сесій і 15 маршрутів
2025-05-25 09:56:01,663 - INFO - Дані збережено у data/20250525_095601_overall_bgp_data.json
2025-05-25 09:56:01,663 - INFO - Дані успішно збережено
2025-05-25 09:56:01,664 - INFO - Змін у сессіях не відбулось
2025-05-25 09:56:01,664 - INFO - Змін у маршрутах не відбулось
2025-05-25 09:56:01,664 - INFO - Змін у шлюзах не відбулось
2025-05-25 09:56:02,862 - INFO - Отримано 4 сесій і 15 маршрутів
2025-05-25 09:56:02,863 - INFO - Дані збережено у data/20250525_095602_overall_bgp_data.json
2025-05-25 09:56:02,864 - INFO - Дані успішно збережено
2025-05-25 09:56:02,864 - INFO - Змін у сессіях не відбулось
2025-05-25 09:56:02,865 - INFO - Змін у маршрутах не відбулось
2025-05-25 09:56:02,865 - INFO - Змін у шлюзах не відбулось
2025-05-25 09:56:04,230 - INFO - Отримано 4 сесій і 15 маршрутів
2025-05-25 09:56:04,231 - INFO - Дані збережено у data/20250525_095604_overall_bgp_data.json
2025-05-25 09:56:04,232 - INFO - Дані успішно збережено
2025-05-25 09:56:04,232 - INFO - Змін у сессіях не відбулось
2025-05-25 09:56:04,232 - INFO - Змін у маршрутах не відбулось
2025-05-25 09:56:04,232 - INFO - Змін у шлюзах не відбулось
2025-05-25 09:56:05,453 - INFO - Отримано 4 сесій і 15 маршрутів
2025-05-25 09:56:05,455 - INFO - Дані збережено у data/20250525_095605_overall_bgp_data.json
2025-05-25 09:56:05,456 - INFO - Дані успішно збережено
2025-05-25 09:56:05,456 - INFO - Змін у сессіях не відбулось
2025-05-25 09:56:05,456 - INFO - Змін у маршрутах не відбулось
2025-05-25 09:56:05,456 - INFO - Змін у шлюзах не відбулось
2025-05-25 09:56:06,670 - INFO - Отримано 4 сесій і 15 маршрутів
2025-05-25 09:56:06,846 - INFO - Дані збережено у data/20250525_095606_overall_bgp_data.json
2025-05-25 09:56:06,847 - INFO - Дані успішно збережено
2025-05-25 09:56:06,847 - INFO - Змін у сессіях не відбулось
2025-05-25 09:56:06,847 - INFO - Змін у маршрутах не відбулось
2025-05-25 09:56:06,848 - INFO - Змін у шлюзах не відбулось
2025-05-25 09:56:08,066 - INFO - Отримано 4 сесій і 15 маршрутів
2025-05-25 09:56:08,068 - INFO - Дані збережено у data/20250525_095608_overall_bgp_data.json
2025-05-25 09:56:08,068 - INFO - Дані успішно збережено
2025-05-25 09:56:08,068 - INFO - Змін у сессіях не відбулось
2025-05-25 09:56:08,069 - INFO - Змін у маршрутах не відбулось
2025-05-25 09:56:08,069 - INFO - Змін у шлюзах не відбулось
2025-05-25 09:56:09,353 - INFO - Отримано 4 сесій і 15 маршрутів
2025-05-25 09:56:09,433 - INFO - Дані збережено у data/20250525_095609_overall_bgp_data.json
2025-05-25 09:56:09,434 - INFO - Дані успішно збережено
2025-05-25 09:56:09,434 - INFO - Змін у сессіях не відбулось
2025-05-25 09:56:09,434 - INFO - Змін у маршрутах не відбулось
2025-05-25 09:56:09,435 - INFO - Змін у шлюзах не відбулось
2025-05-25 09:56:10,701 - INFO - Отримано 4 сесій і 15 маршрутів
2025-05-25 09:56:10,703 - INFO - Дані збережено у data/20250525_095610_overall_bgp_data.json
2025-05-25 09:56:10,704 - INFO - Дані успішно збережено
2025-05-25 09:56:10,704 - INFO - Змін у сессіях не відбулось
2025-05-25 09:56:10,704 - INFO - Змін у маршрутах не відбулось
2025-05-25 09:56:10,705 - INFO - Змін у шлюзах не відбулось
2025-05-25 09:56:11,931 - INFO - Отримано 4 сесій і 15 маршрутів
2025-05-25 09:56:11,933 - INFO - Дані збережено у data/20250525_095611_overall_bgp_data.json
2025-05-25 09:56:11,933 - INFO - Дані успішно збережено
2025-05-25 09:56:11,933 - INFO - Змін у сессіях не відбулось
2025-05-25 09:56:11,933 - INFO - Змін у маршрутах не відбулось
2025-05-25 09:56:11,934 - INFO - Змін у шлюзах не відбулось
2025-05-25 09:56:13,178 - INFO - Отримано 4 сесій і 15 маршрутів
2025-05-25 09:56:13,183 - INFO - Дані збережено у data/20250525_095613_overall_bgp_data.json
2025-05-25 09:56:13,183 - INFO - Дані успішно збережено
2025-05-25 09:56:13,184 - INFO - Змін у сессіях не відбулось
2025-05-25 09:56:13,184 - INFO - Змін у маршрутах не відбулось
2025-05-25 09:56:13,184 - INFO - Змін у шлюзах не відбулось
2025-05-25 09:56:14,490 - INFO - Отримано 4 сесій і 15 маршрутів
2025-05-25 09:56:14,492 - INFO - Дані збережено у data/20250525_095614_overall_bgp_data.json
2025-05-25 09:56:14,492 - INFO - Дані успішно збережено
2025-05-25 09:56:14,493 - INFO - Змін у сессіях не відбулось
2025-05-25 09:56:14,493 - INFO - Змін у маршрутах не відбулось
2025-05-25 09:56:14,493 - INFO - Змін у шлюзах не відбулось
2025-05-25 09:56:15,708 - INFO - Отримано 4 сесій і 15 маршрутів
2025-05-25 09:56:15,711 - INFO - Дані збережено у data/20250525_095615_overall_bgp_data.json
2025-05-25 09:56:15,711 - INFO - Дані успішно збережено
2025-05-25 09:56:15,711 - INFO - Змін у сессіях не відбулось
2025-05-25 09:56:15,712 - INFO - Змін у маршрутах не відбулось
2025-05-25 09:56:15,712 - INFO - Змін у шлюзах не відбулось
2025-05-25 09:56:16,929 - INFO - Отримано 4 сесій і 15 маршрутів
2025-05-25 09:56:16,932 - INFO - Дані збережено у data/20250525_095616_overall_bgp_data.json
2025-05-25 09:56:16,932 - INFO - Дані успішно збережено
2025-05-25 09:56:16,932 - INFO - Змін у сессіях не відбулось
2025-05-25 09:56:16,933 - INFO - Змін у маршрутах не відбулось
2025-05-25 09:56:16,933 - INFO - Змін у шлюзах не відбулось
2025-05-25 09:56:18,158 - INFO - Отримано 4 сесій і 15 маршрутів
2025-05-25 09:56:18,160 - INFO - Дані збережено у data/20250525_095618_overall_bgp_data.json
2025-05-25 09:56:18,160 - INFO - Дані успішно збережено
2025-05-25 09:56:18,160 - INFO - Змін у сессіях не відбулось
2025-05-25 09:56:18,161 - INFO - Змін у маршрутах не відбулось
2025-05-25 09:56:18,161 - INFO - Змін у шлюзах не відбулось
2025-05-25 09:56:19,391 - INFO - Отримано 4 сесій і 15 маршрутів
2025-05-25 09:56:19,392 - INFO - Дані збережено у data/20250525_095619_overall_bgp_data.json
2025-05-25 09:56:19,393 - INFO - Дані успішно збережено
2025-05-25 09:56:19,393 - INFO - Змін у сессіях не відбулось
2025-05-25 09:56:19,393 - INFO - Змін у маршрутах не відбулось
2025-05-25 09:56:19,394 - INFO - Змін у шлюзах не відбулось
2025-05-25 09:56:20,611 - INFO - Отримано 4 сесій і 15 маршрутів
2025-05-25 09:56:20,637 - INFO - Дані збережено у data/20250525_095620_overall_bgp_data.json
2025-05-25 09:56:20,637 - INFO - Дані успішно збережено
2025-05-25 09:56:20,638 - INFO - Змін у сессіях не відбулось
2025-05-25 09:56:20,638 - INFO - Змін у маршрутах не відбулось
2025-05-25 09:56:20,638 - INFO - Змін у шлюзах не відбулось
2025-05-25 09:56:21,850 - INFO - Отримано 4 сесій і 13 маршрутів
2025-05-25 09:56:21,852 - INFO - Дані збережено у data/20250525_095621_overall_bgp_data.json
2025-05-25 09:56:21,852 - INFO - Дані успішно збережено
2025-05-25 09:56:21,853 - CRITICAL - Маршрути відмінні від еталону, відстань: 2
2025-05-25 09:56:21,853 - INFO - Змін у сессіях не відбулось
2025-05-25 09:56:21,854 - CRITICAL - Відбулись зміни у маршрутах, відстань: 2
2025-05-25 09:56:21,854 - INFO - Змін у шлюзах не відбулось
2025-05-25 09:56:23,076 - INFO - Отримано 4 сесій і 13 маршрутів
2025-05-25 09:56:23,078 - INFO - Дані збережено у data/20250525_095623_overall_bgp_data.json
2025-05-25 09:56:23,078 - INFO - Дані успішно збережено
2025-05-25 09:56:23,079 - CRITICAL - Маршрути відмінні від еталону, відстань: 2
2025-05-25 09:56:23,079 - INFO - Змін у сессіях не відбулось
2025-05-25 09:56:23,080 - INFO - Змін у маршрутах не відбулось
2025-05-25 09:56:23,080 - INFO - Змін у шлюзах не відбулось
2025-05-25 09:56:24,321 - INFO - Отримано 4 сесій і 13 маршрутів
2025-05-25 09:56:24,323 - INFO - Дані збережено у data/20250525_095624_overall_bgp_data.json
2025-05-25 09:56:24,323 - INFO - Дані успішно збережено
2025-05-25 09:56:24,324 - CRITICAL - Маршрути відмінні від еталону, відстань: 2
2025-05-25 09:56:24,324 - INFO - Змін у сессіях не відбулось
2025-05-25 09:56:24,324 - INFO - Змін у маршрутах не відбулось
2025-05-25 09:56:24,325 - INFO - Змін у шлюзах не відбулось
2025-05-25 09:56:25,543 - INFO - Отримано 4 сесій і 13 маршрутів
2025-05-25 09:56:25,545 - INFO - Дані збережено у data/20250525_095625_overall_bgp_data.json
2025-05-25 09:56:25,546 - INFO - Дані успішно збережено
2025-05-25 09:56:25,546 - CRITICAL - Маршрути відмінні від еталону, відстань: 2
2025-05-25 09:56:25,547 - INFO - Змін у сессіях не відбулось
2025-05-25 09:56:25,547 - INFO - Змін у маршрутах не відбулось
2025-05-25 09:56:25,547 - INFO - Змін у шлюзах не відбулось
2025-05-25 09:56:26,757 - INFO - Отримано 4 сесій і 13 маршрутів
2025-05-25 09:56:26,758 - INFO - Дані збережено у data/20250525_095626_overall_bgp_data.json
2025-05-25 09:56:26,759 - INFO - Дані успішно збережено
2025-05-25 09:56:26,759 - CRITICAL - Маршрути відмінні від еталону, відстань: 2
2025-05-25 09:56:26,760 - INFO - Змін у сессіях не відбулось
2025-05-25 09:56:26,760 - INFO - Змін у маршрутах не відбулось
2025-05-25 09:56:26,760 - INFO - Змін у шлюзах не відбулось
2025-05-25 09:56:27,985 - INFO - Отримано 4 сесій і 13 маршрутів
2025-05-25 09:56:27,987 - INFO - Дані збережено у data/20250525_095627_overall_bgp_data.json
2025-05-25 09:56:27,987 - INFO - Дані успішно збережено
2025-05-25 09:56:27,988 - CRITICAL - Маршрути відмінні від еталону, відстань: 2
2025-05-25 09:56:27,988 - INFO - Змін у сессіях не відбулось
2025-05-25 09:56:27,988 - INFO - Змін у маршрутах не відбулось
2025-05-25 09:56:27,989 - INFO - Змін у шлюзах не відбулось
2025-05-25 09:56:29,230 - INFO - Отримано 4 сесій і 13 маршрутів
2025-05-25 09:56:29,232 - INFO - Дані збережено у data/20250525_095629_overall_bgp_data.json
2025-05-25 09:56:29,232 - INFO - Дані успішно збережено
2025-05-25 09:56:29,233 - CRITICAL - Маршрути відмінні від еталону, відстань: 2
2025-05-25 09:56:29,233 - INFO - Змін у сессіях не відбулось
2025-05-25 09:56:29,233 - INFO - Змін у маршрутах не відбулось
2025-05-25 09:56:29,234 - INFO - Змін у шлюзах не відбулось
2025-05-25 09:56:30,495 - INFO - Отримано 4 сесій і 13 маршрутів
2025-05-25 09:56:30,498 - INFO - Дані збережено у data/20250525_095630_overall_bgp_data.json
2025-05-25 09:56:30,498 - INFO - Дані успішно збережено
2025-05-25 09:56:30,499 - CRITICAL - Маршрути відмінні від еталону, відстань: 2
2025-05-25 09:56:30,499 - INFO - Змін у сессіях не відбулось
2025-05-25 09:56:30,499 - INFO - Змін у маршрутах не відбулось
2025-05-25 09:56:30,500 - INFO - Змін у шлюзах не відбулось
2025-05-25 09:56:31,721 - INFO - Отримано 4 сесій і 13 маршрутів
2025-05-25 09:56:31,723 - INFO - Дані збережено у data/20250525_095631_overall_bgp_data.json
2025-05-25 09:56:31,723 - INFO - Дані успішно збережено
2025-05-25 09:56:31,724 - CRITICAL - Маршрути відмінні від еталону, відстань: 2
2025-05-25 09:56:31,724 - INFO - Змін у сессіях не відбулось
2025-05-25 09:56:31,725 - INFO - Змін у маршрутах не відбулось
2025-05-25 09:56:31,725 - INFO - Змін у шлюзах не відбулось
2025-05-25 09:56:32,973 - INFO - Отримано 4 сесій і 13 маршрутів
2025-05-25 09:56:32,975 - INFO - Дані збережено у data/20250525_095632_overall_bgp_data.json
2025-05-25 09:56:32,975 - INFO - Дані успішно збережено
2025-05-25 09:56:32,976 - CRITICAL - Маршрути відмінні від еталону, відстань: 2
2025-05-25 09:56:32,976 - INFO - Змін у сессіях не відбулось
2025-05-25 09:56:32,976 - INFO - Змін у маршрутах не відбулось
2025-05-25 09:56:32,977 - INFO - Змін у шлюзах не відбулось
2025-05-25 09:56:34,185 - INFO - Отримано 4 сесій і 13 маршрутів
2025-05-25 09:56:34,187 - INFO - Дані збережено у data/20250525_095634_overall_bgp_data.json
2025-05-25 09:56:34,188 - INFO - Дані успішно збережено
2025-05-25 09:56:34,188 - CRITICAL - Маршрути відмінні від еталону, відстань: 2
2025-05-25 09:56:34,188 - INFO - Змін у сессіях не відбулось
2025-05-25 09:56:34,189 - INFO - Змін у маршрутах не відбулось
2025-05-25 09:56:34,189 - INFO - Змін у шлюзах не відбулось
2025-05-25 09:56:35,628 - INFO - Отримано 4 сесій і 13 маршрутів
2025-05-25 09:56:35,631 - INFO - Дані збережено у data/20250525_095635_overall_bgp_data.json
2025-05-25 09:56:35,631 - INFO - Дані успішно збережено
2025-05-25 09:56:35,632 - CRITICAL - Маршрути відмінні від еталону, відстань: 2
2025-05-25 09:56:35,632 - INFO - Змін у сессіях не відбулось
2025-05-25 09:56:35,632 - INFO - Змін у маршрутах не відбулось
2025-05-25 09:56:35,633 - INFO - Змін у шлюзах не відбулось
2025-05-25 09:56:36,845 - INFO - Отримано 4 сесій і 13 маршрутів
2025-05-25 09:56:36,847 - INFO - Дані збережено у data/20250525_095636_overall_bgp_data.json
2025-05-25 09:56:36,847 - INFO - Дані успішно збережено
2025-05-25 09:56:36,848 - CRITICAL - Маршрути відмінні від еталону, відстань: 2
2025-05-25 09:56:36,848 - INFO - Змін у сессіях не відбулось
2025-05-25 09:56:36,848 - INFO - Змін у маршрутах не відбулось
2025-05-25 09:56:36,849 - INFO - Змін у шлюзах не відбулось
2025-05-25 09:56:38,060 - INFO - Отримано 4 сесій і 13 маршрутів
2025-05-25 09:56:38,062 - INFO - Дані збережено у data/20250525_095638_overall_bgp_data.json
2025-05-25 09:56:38,062 - INFO - Дані успішно збережено
2025-05-25 09:56:38,063 - CRITICAL - Маршрути відмінні від еталону, відстань: 2
2025-05-25 09:56:38,064 - INFO - Змін у сессіях не відбулось
2025-05-25 09:56:38,064 - INFO - Змін у маршрутах не відбулось
2025-05-25 09:56:38,065 - INFO - Змін у шлюзах не відбулось
2025-05-25 09:56:39,291 - INFO - Отримано 4 сесій і 13 маршрутів
2025-05-25 09:56:39,293 - INFO - Дані збережено у data/20250525_095639_overall_bgp_data.json
2025-05-25 09:56:39,294 - INFO - Дані успішно збережено
2025-05-25 09:56:39,295 - CRITICAL - Маршрути відмінні від еталону, відстань: 2
2025-05-25 09:56:39,296 - INFO - Змін у сессіях не відбулось
2025-05-25 09:56:39,296 - INFO - Змін у маршрутах не відбулось
2025-05-25 09:56:39,296 - INFO - Змін у шлюзах не відбулось
2025-05-25 09:56:40,516 - INFO - Отримано 4 сесій і 13 маршрутів
2025-05-25 09:56:40,519 - INFO - Дані збережено у data/20250525_095640_overall_bgp_data.json
2025-05-25 09:56:40,519 - INFO - Дані успішно збережено
2025-05-25 09:56:40,519 - CRITICAL - Маршрути відмінні від еталону, відстань: 2
2025-05-25 09:56:40,520 - INFO - Змін у сессіях не відбулось
2025-05-25 09:56:40,520 - INFO - Змін у маршрутах не відбулось
2025-05-25 09:56:40,520 - INFO - Змін у шлюзах не відбулось
2025-05-25 09:56:41,725 - INFO - Отримано 4 сесій і 13 маршрутів
2025-05-25 09:56:41,726 - INFO - Дані збережено у data/20250525_095641_overall_bgp_data.json
2025-05-25 09:56:41,727 - INFO - Дані успішно збережено
2025-05-25 09:56:41,727 - CRITICAL - Маршрути відмінні від еталону, відстань: 2
2025-05-25 09:56:41,728 - INFO - Змін у сессіях не відбулось
2025-05-25 09:56:41,728 - INFO - Змін у маршрутах не відбулось
2025-05-25 09:56:41,728 - INFO - Змін у шлюзах не відбулось
2025-05-25 09:56:43,009 - INFO - Отримано 4 сесій і 13 маршрутів
2025-05-25 09:56:43,011 - INFO - Дані збережено у data/20250525_095643_overall_bgp_data.json
2025-05-25 09:56:43,011 - INFO - Дані успішно збережено
2025-05-25 09:56:43,012 - CRITICAL - Маршрути відмінні від еталону, відстань: 2
2025-05-25 09:56:43,012 - INFO - Змін у сессіях не відбулось
2025-05-25 09:56:43,012 - INFO - Змін у маршрутах не відбулось
2025-05-25 09:56:43,013 - INFO - Змін у шлюзах не відбулось
2025-05-25 09:56:44,296 - INFO - Отримано 4 сесій і 15 маршрутів
2025-05-25 09:56:44,299 - INFO - Дані збережено у data/20250525_095644_overall_bgp_data.json
2025-05-25 09:56:44,300 - INFO - Дані успішно збережено
2025-05-25 09:56:44,301 - INFO - Змін у сессіях не відбулось
2025-05-25 09:56:44,303 - CRITICAL - Відбулись зміни у маршрутах, відстань: 2
2025-05-25 09:56:44,304 - INFO - Змін у шлюзах не відбулось
2025-05-25 09:56:45,572 - INFO - Отримано 4 сесій і 15 маршрутів
2025-05-25 09:56:45,574 - INFO - Дані збережено у data/20250525_095645_overall_bgp_data.json
2025-05-25 09:56:45,575 - INFO - Дані успішно збережено
2025-05-25 09:56:45,575 - INFO - Змін у сессіях не відбулось
2025-05-25 09:56:45,575 - INFO - Змін у маршрутах не відбулось
2025-05-25 09:56:45,575 - INFO - Змін у шлюзах не відбулось
2025-05-25 09:56:46,804 - INFO - Отримано 4 сесій і 15 маршрутів
2025-05-25 09:56:46,806 - INFO - Дані збережено у data/20250525_095646_overall_bgp_data.json
2025-05-25 09:56:46,806 - INFO - Дані успішно збережено
2025-05-25 09:56:46,807 - INFO - Змін у сессіях не відбулось
2025-05-25 09:56:46,807 - INFO - Змін у маршрутах не відбулось
2025-05-25 09:56:46,807 - INFO - Змін у шлюзах не відбулось
2025-05-25 09:56:48,029 - INFO - Отримано 4 сесій і 15 маршрутів
2025-05-25 09:56:48,031 - INFO - Дані збережено у data/20250525_095648_overall_bgp_data.json
2025-05-25 09:56:48,031 - INFO - Дані успішно збережено
2025-05-25 09:56:48,031 - INFO - Змін у сессіях не відбулось
2025-05-25 09:56:48,032 - INFO - Змін у маршрутах не відбулось
2025-05-25 09:56:48,032 - INFO - Змін у шлюзах не відбулось
2025-05-25 09:56:49,260 - INFO - Отримано 4 сесій і 15 маршрутів
2025-05-25 09:56:49,262 - INFO - Дані збережено у data/20250525_095649_overall_bgp_data.json
2025-05-25 09:56:49,262 - INFO - Дані успішно збережено
2025-05-25 09:56:49,263 - INFO - Змін у сессіях не відбулось
2025-05-25 09:56:49,263 - INFO - Змін у маршрутах не відбулось
2025-05-25 09:56:49,263 - INFO - Змін у шлюзах не відбулось
2025-05-25 09:56:50,496 - INFO - Отримано 4 сесій і 15 маршрутів
2025-05-25 09:56:50,511 - INFO - Дані збережено у data/20250525_095650_overall_bgp_data.json
2025-05-25 09:56:50,512 - INFO - Дані успішно збережено
2025-05-25 09:56:50,512 - INFO - Змін у сессіях не відбулось
2025-05-25 09:56:50,512 - INFO - Змін у маршрутах не відбулось
2025-05-25 09:56:50,512 - INFO - Змін у шлюзах не відбулось
2025-05-25 09:56:51,741 - INFO - Отримано 4 сесій і 15 маршрутів
2025-05-25 09:56:51,743 - INFO - Дані збережено у data/20250525_095651_overall_bgp_data.json
2025-05-25 09:56:51,743 - INFO - Дані успішно збережено
2025-05-25 09:56:51,743 - INFO - Змін у сессіях не відбулось
2025-05-25 09:56:51,744 - INFO - Змін у маршрутах не відбулось
2025-05-25 09:56:51,744 - INFO - Змін у шлюзах не відбулось
2025-05-25 09:56:53,022 - INFO - Отримано 4 сесій і 15 маршрутів
2025-05-25 09:56:53,024 - INFO - Дані збережено у data/20250525_095653_overall_bgp_data.json
2025-05-25 09:56:53,024 - INFO - Дані успішно збережено
2025-05-25 09:56:53,025 - INFO - Змін у сессіях не відбулось
2025-05-25 09:56:53,025 - INFO - Змін у маршрутах не відбулось
2025-05-25 09:56:53,025 - INFO - Змін у шлюзах не відбулось
2025-05-25 09:56:54,266 - INFO - Отримано 4 сесій і 15 маршрутів
2025-05-25 09:56:54,272 - INFO - Дані збережено у data/20250525_095654_overall_bgp_data.json
2025-05-25 09:56:54,272 - INFO - Дані успішно збережено
2025-05-25 09:56:54,273 - INFO - Змін у сессіях не відбулось
2025-05-25 09:56:54,273 - INFO - Змін у маршрутах не відбулось
2025-05-25 09:56:54,273 - INFO - Змін у шлюзах не відбулось
2025-05-25 09:56:55,259 - INFO - Connection to MikroTik closed
2025-05-25 09:56:55,260 - INFO - Моніторінг припинено
