2025-05-25 09:38:14,641 - INFO - Запуск програми для моніторингу BGP на MikroTik
2025-05-25 09:38:17,944 - INFO - Моніторінг розпочато
2025-05-25 09:38:17,945 - INFO - Attempting to connect to MikroTik 'admin'@192.168.14.1:80
2025-05-25 09:38:17,957 - INFO - Connected to MikroTik 192.168.14.1: Router4
2025-05-25 09:38:18,147 - INFO - Отримано 4 сесій і 15 маршрутів
2025-05-25 09:38:18,149 - INFO - Дані збережено у data/20250525_093818_overall_bgp_data.json
2025-05-25 09:38:18,150 - INFO - Дані успішно збережено
2025-05-25 09:38:19,450 - INFO - Отримано 4 сесій і 15 маршрутів
2025-05-25 09:38:19,458 - INFO - Дані збережено у data/20250525_093819_overall_bgp_data.json
2025-05-25 09:38:19,459 - INFO - Дані успішно збережено
2025-05-25 09:38:19,459 - INFO - Змін у сессіях не відбулось
2025-05-25 09:38:19,459 - INFO - Змін у маршрутах не відбулось
2025-05-25 09:38:19,459 - INFO - Змін у шлюзах не відбулось
2025-05-25 09:38:20,680 - INFO - Отримано 4 сесій і 15 маршрутів
2025-05-25 09:38:20,717 - INFO - Дані збережено у data/20250525_093820_overall_bgp_data.json
2025-05-25 09:38:20,717 - INFO - Дані успішно збережено
2025-05-25 09:38:20,718 - INFO - Змін у сессіях не відбулось
2025-05-25 09:38:20,718 - INFO - Змін у маршрутах не відбулось
2025-05-25 09:38:20,718 - INFO - Змін у шлюзах не відбулось
2025-05-25 09:38:21,925 - INFO - Отримано 4 сесій і 15 маршрутів
2025-05-25 09:38:21,927 - INFO - Дані збережено у data/20250525_093821_overall_bgp_data.json
2025-05-25 09:38:21,928 - INFO - Дані успішно збережено
2025-05-25 09:38:21,928 - INFO - Змін у сессіях не відбулось
2025-05-25 09:38:21,928 - INFO - Змін у маршрутах не відбулось
2025-05-25 09:38:21,929 - INFO - Змін у шлюзах не відбулось
2025-05-25 09:38:23,159 - INFO - Отримано 4 сесій і 15 маршрутів
2025-05-25 09:38:23,161 - INFO - Дані збережено у data/20250525_093823_overall_bgp_data.json
2025-05-25 09:38:23,161 - INFO - Дані успішно збережено
2025-05-25 09:38:23,162 - INFO - Змін у сессіях не відбулось
2025-05-25 09:38:23,162 - INFO - Змін у маршрутах не відбулось
2025-05-25 09:38:23,162 - INFO - Змін у шлюзах не відбулось
2025-05-25 09:38:24,383 - INFO - Отримано 4 сесій і 15 маршрутів
2025-05-25 09:38:24,385 - INFO - Дані збережено у data/20250525_093824_overall_bgp_data.json
2025-05-25 09:38:24,385 - INFO - Дані успішно збережено
2025-05-25 09:38:24,386 - INFO - Змін у сессіях не відбулось
2025-05-25 09:38:24,386 - INFO - Змін у маршрутах не відбулось
2025-05-25 09:38:24,386 - INFO - Змін у шлюзах не відбулось
2025-05-25 09:38:25,598 - INFO - Отримано 4 сесій і 15 маршрутів
2025-05-25 09:38:25,600 - INFO - Дані збережено у data/20250525_093825_overall_bgp_data.json
2025-05-25 09:38:25,601 - INFO - Дані успішно збережено
2025-05-25 09:38:25,601 - INFO - Змін у сессіях не відбулось
2025-05-25 09:38:25,601 - INFO - Змін у маршрутах не відбулось
2025-05-25 09:38:25,602 - INFO - Змін у шлюзах не відбулось
2025-05-25 09:38:26,810 - INFO - Отримано 4 сесій і 15 маршрутів
2025-05-25 09:38:26,812 - INFO - Дані збережено у data/20250525_093826_overall_bgp_data.json
2025-05-25 09:38:26,812 - INFO - Дані успішно збережено
2025-05-25 09:38:26,813 - INFO - Змін у сессіях не відбулось
2025-05-25 09:38:26,813 - INFO - Змін у маршрутах не відбулось
2025-05-25 09:38:26,813 - INFO - Змін у шлюзах не відбулось
2025-05-25 09:38:28,074 - INFO - Отримано 4 сесій і 15 маршрутів
2025-05-25 09:38:28,076 - INFO - Дані збережено у data/20250525_093828_overall_bgp_data.json
2025-05-25 09:38:28,076 - INFO - Дані успішно збережено
2025-05-25 09:38:28,077 - INFO - Змін у сессіях не відбулось
2025-05-25 09:38:28,077 - INFO - Змін у маршрутах не відбулось
2025-05-25 09:38:28,077 - INFO - Змін у шлюзах не відбулось
2025-05-25 09:38:29,289 - INFO - Отримано 4 сесій і 15 маршрутів
2025-05-25 09:38:29,291 - INFO - Дані збережено у data/20250525_093829_overall_bgp_data.json
2025-05-25 09:38:29,291 - INFO - Дані успішно збережено
2025-05-25 09:38:29,292 - INFO - Змін у сессіях не відбулось
2025-05-25 09:38:29,292 - INFO - Змін у маршрутах не відбулось
2025-05-25 09:38:29,292 - INFO - Змін у шлюзах не відбулось
2025-05-25 09:38:30,503 - INFO - Отримано 4 сесій і 15 маршрутів
2025-05-25 09:38:30,505 - INFO - Дані збережено у data/20250525_093830_overall_bgp_data.json
2025-05-25 09:38:30,505 - INFO - Дані успішно збережено
2025-05-25 09:38:30,505 - INFO - Змін у сессіях не відбулось
2025-05-25 09:38:30,505 - INFO - Змін у маршрутах не відбулось
2025-05-25 09:38:30,506 - INFO - Змін у шлюзах не відбулось
2025-05-25 09:38:31,722 - INFO - Отримано 4 сесій і 15 маршрутів
2025-05-25 09:38:31,723 - INFO - Дані збережено у data/20250525_093831_overall_bgp_data.json
2025-05-25 09:38:31,724 - INFO - Дані успішно збережено
2025-05-25 09:38:31,724 - INFO - Змін у сессіях не відбулось
2025-05-25 09:38:31,724 - INFO - Змін у маршрутах не відбулось
2025-05-25 09:38:31,725 - INFO - Змін у шлюзах не відбулось
2025-05-25 09:38:32,938 - INFO - Отримано 4 сесій і 15 маршрутів
2025-05-25 09:38:32,940 - INFO - Дані збережено у data/20250525_093832_overall_bgp_data.json
2025-05-25 09:38:32,945 - INFO - Дані успішно збережено
2025-05-25 09:38:32,945 - INFO - Змін у сессіях не відбулось
2025-05-25 09:38:32,946 - INFO - Змін у маршрутах не відбулось
2025-05-25 09:38:32,948 - INFO - Змін у шлюзах не відбулось
2025-05-25 09:38:34,235 - INFO - Отримано 4 сесій і 15 маршрутів
2025-05-25 09:38:34,238 - INFO - Дані збережено у data/20250525_093834_overall_bgp_data.json
2025-05-25 09:38:34,238 - INFO - Дані успішно збережено
2025-05-25 09:38:34,238 - INFO - Змін у сессіях не відбулось
2025-05-25 09:38:34,239 - INFO - Змін у маршрутах не відбулось
2025-05-25 09:38:34,239 - INFO - Змін у шлюзах не відбулось
2025-05-25 09:38:35,692 - INFO - Отримано 4 сесій і 15 маршрутів
2025-05-25 09:38:35,728 - INFO - Дані збережено у data/20250525_093835_overall_bgp_data.json
2025-05-25 09:38:35,728 - INFO - Дані успішно збережено
2025-05-25 09:38:35,728 - INFO - Змін у сессіях не відбулось
2025-05-25 09:38:35,729 - INFO - Змін у маршрутах не відбулось
2025-05-25 09:38:35,729 - INFO - Змін у шлюзах не відбулось
2025-05-25 09:38:36,972 - INFO - Отримано 4 сесій і 15 маршрутів
2025-05-25 09:38:36,974 - INFO - Дані збережено у data/20250525_093836_overall_bgp_data.json
2025-05-25 09:38:36,974 - INFO - Дані успішно збережено
2025-05-25 09:38:36,975 - INFO - Змін у сессіях не відбулось
2025-05-25 09:38:36,977 - INFO - Змін у маршрутах не відбулось
2025-05-25 09:38:36,978 - INFO - Змін у шлюзах не відбулось
2025-05-25 09:38:38,222 - INFO - Отримано 4 сесій і 15 маршрутів
2025-05-25 09:38:38,285 - INFO - Дані збережено у data/20250525_093838_overall_bgp_data.json
2025-05-25 09:38:38,285 - INFO - Дані успішно збережено
2025-05-25 09:38:38,376 - INFO - Змін у сессіях не відбулось
2025-05-25 09:38:38,444 - INFO - Змін у маршрутах не відбулось
2025-05-25 09:38:38,532 - INFO - Змін у шлюзах не відбулось
2025-05-25 09:38:39,787 - INFO - Отримано 4 сесій і 15 маршрутів
2025-05-25 09:38:39,804 - INFO - Дані збережено у data/20250525_093839_overall_bgp_data.json
2025-05-25 09:38:39,819 - INFO - Дані успішно збережено
2025-05-25 09:38:39,819 - INFO - Змін у сессіях не відбулось
2025-05-25 09:38:39,820 - INFO - Змін у маршрутах не відбулось
2025-05-25 09:38:39,820 - INFO - Змін у шлюзах не відбулось
2025-05-25 09:38:41,061 - INFO - Отримано 4 сесій і 15 маршрутів
2025-05-25 09:38:41,083 - INFO - Дані збережено у data/20250525_093841_overall_bgp_data.json
2025-05-25 09:38:41,084 - INFO - Дані успішно збережено
2025-05-25 09:38:41,084 - INFO - Змін у сессіях не відбулось
2025-05-25 09:38:41,084 - INFO - Змін у маршрутах не відбулось
2025-05-25 09:38:41,085 - INFO - Змін у шлюзах не відбулось
2025-05-25 09:38:42,326 - INFO - Отримано 4 сесій і 15 маршрутів
2025-05-25 09:38:42,333 - INFO - Дані збережено у data/20250525_093842_overall_bgp_data.json
2025-05-25 09:38:42,333 - INFO - Дані успішно збережено
2025-05-25 09:38:42,334 - INFO - Змін у сессіях не відбулось
2025-05-25 09:38:42,334 - INFO - Змін у маршрутах не відбулось
2025-05-25 09:38:42,334 - INFO - Змін у шлюзах не відбулось
2025-05-25 09:38:43,577 - INFO - Отримано 4 сесій і 15 маршрутів
2025-05-25 09:38:43,587 - INFO - Дані збережено у data/20250525_093843_overall_bgp_data.json
2025-05-25 09:38:43,587 - INFO - Дані успішно збережено
2025-05-25 09:38:43,588 - INFO - Змін у сессіях не відбулось
2025-05-25 09:38:43,588 - INFO - Змін у маршрутах не відбулось
2025-05-25 09:38:43,588 - INFO - Змін у шлюзах не відбулось
2025-05-25 09:38:44,917 - INFO - Отримано 4 сесій і 15 маршрутів
2025-05-25 09:38:44,919 - INFO - Дані збережено у data/20250525_093844_overall_bgp_data.json
2025-05-25 09:38:44,920 - INFO - Дані успішно збережено
2025-05-25 09:38:44,920 - INFO - Змін у сессіях не відбулось
2025-05-25 09:38:44,920 - INFO - Змін у маршрутах не відбулось
2025-05-25 09:38:44,921 - INFO - Змін у шлюзах не відбулось
2025-05-25 09:38:46,135 - INFO - Отримано 4 сесій і 15 маршрутів
2025-05-25 09:38:46,137 - INFO - Дані збережено у data/20250525_093846_overall_bgp_data.json
2025-05-25 09:38:46,138 - INFO - Дані успішно збережено
2025-05-25 09:38:46,138 - INFO - Змін у сессіях не відбулось
2025-05-25 09:38:46,138 - INFO - Змін у маршрутах не відбулось
2025-05-25 09:38:46,139 - INFO - Змін у шлюзах не відбулось
2025-05-25 09:38:47,345 - INFO - Отримано 4 сесій і 15 маршрутів
2025-05-25 09:38:47,347 - INFO - Дані збережено у data/20250525_093847_overall_bgp_data.json
2025-05-25 09:38:47,347 - INFO - Дані успішно збережено
2025-05-25 09:38:47,348 - INFO - Змін у сессіях не відбулось
2025-05-25 09:38:47,348 - INFO - Змін у маршрутах не відбулось
2025-05-25 09:38:47,348 - INFO - Змін у шлюзах не відбулось
2025-05-25 09:38:48,551 - INFO - Отримано 4 сесій і 15 маршрутів
2025-05-25 09:38:48,553 - INFO - Дані збережено у data/20250525_093848_overall_bgp_data.json
2025-05-25 09:38:48,554 - INFO - Дані успішно збережено
2025-05-25 09:38:48,554 - INFO - Змін у сессіях не відбулось
2025-05-25 09:38:48,554 - INFO - Змін у маршрутах не відбулось
2025-05-25 09:38:48,555 - INFO - Змін у шлюзах не відбулось
2025-05-25 09:38:49,767 - INFO - Отримано 4 сесій і 15 маршрутів
2025-05-25 09:38:49,778 - INFO - Дані збережено у data/20250525_093849_overall_bgp_data.json
2025-05-25 09:38:49,778 - INFO - Дані успішно збережено
2025-05-25 09:38:49,779 - INFO - Змін у сессіях не відбулось
2025-05-25 09:38:49,779 - INFO - Змін у маршрутах не відбулось
2025-05-25 09:38:49,779 - INFO - Змін у шлюзах не відбулось
2025-05-25 09:38:50,992 - INFO - Отримано 4 сесій і 15 маршрутів
2025-05-25 09:38:50,994 - INFO - Дані збережено у data/20250525_093850_overall_bgp_data.json
2025-05-25 09:38:50,994 - INFO - Дані успішно збережено
2025-05-25 09:38:50,994 - INFO - Змін у сессіях не відбулось
2025-05-25 09:38:50,995 - INFO - Змін у маршрутах не відбулось
2025-05-25 09:38:50,995 - INFO - Змін у шлюзах не відбулось
2025-05-25 09:38:52,210 - INFO - Отримано 4 сесій і 15 маршрутів
2025-05-25 09:38:52,212 - INFO - Дані збережено у data/20250525_093852_overall_bgp_data.json
2025-05-25 09:38:52,212 - INFO - Дані успішно збережено
2025-05-25 09:38:52,213 - INFO - Змін у сессіях не відбулось
2025-05-25 09:38:52,213 - INFO - Змін у маршрутах не відбулось
2025-05-25 09:38:52,213 - INFO - Змін у шлюзах не відбулось
2025-05-25 09:38:53,423 - INFO - Отримано 4 сесій і 15 маршрутів
2025-05-25 09:38:53,426 - INFO - Дані збережено у data/20250525_093853_overall_bgp_data.json
2025-05-25 09:38:53,426 - INFO - Дані успішно збережено
2025-05-25 09:38:53,426 - INFO - Змін у сессіях не відбулось
2025-05-25 09:38:53,427 - INFO - Змін у маршрутах не відбулось
2025-05-25 09:38:53,427 - INFO - Змін у шлюзах не відбулось
2025-05-25 09:38:54,653 - INFO - Отримано 4 сесій і 15 маршрутів
2025-05-25 09:38:54,656 - INFO - Дані збережено у data/20250525_093854_overall_bgp_data.json
2025-05-25 09:38:54,657 - INFO - Дані успішно збережено
2025-05-25 09:38:54,657 - INFO - Змін у сессіях не відбулось
2025-05-25 09:38:54,657 - INFO - Змін у маршрутах не відбулось
2025-05-25 09:38:54,658 - INFO - Змін у шлюзах не відбулось
2025-05-25 09:38:55,864 - INFO - Отримано 4 сесій і 15 маршрутів
2025-05-25 09:38:55,866 - INFO - Дані збережено у data/20250525_093855_overall_bgp_data.json
2025-05-25 09:38:55,866 - INFO - Дані успішно збережено
2025-05-25 09:38:55,866 - INFO - Змін у сессіях не відбулось
2025-05-25 09:38:55,867 - INFO - Змін у маршрутах не відбулось
2025-05-25 09:38:55,867 - INFO - Змін у шлюзах не відбулось
2025-05-25 09:38:57,076 - INFO - Отримано 4 сесій і 15 маршрутів
2025-05-25 09:38:57,078 - INFO - Дані збережено у data/20250525_093857_overall_bgp_data.json
2025-05-25 09:38:57,078 - INFO - Дані успішно збережено
2025-05-25 09:38:57,079 - INFO - Змін у сессіях не відбулось
2025-05-25 09:38:57,079 - INFO - Змін у маршрутах не відбулось
2025-05-25 09:38:57,079 - INFO - Змін у шлюзах не відбулось
2025-05-25 09:38:58,288 - INFO - Отримано 4 сесій і 15 маршрутів
2025-05-25 09:38:58,289 - INFO - Дані збережено у data/20250525_093858_overall_bgp_data.json
2025-05-25 09:38:58,289 - INFO - Дані успішно збережено
2025-05-25 09:38:58,289 - INFO - Змін у сессіях не відбулось
2025-05-25 09:38:58,290 - INFO - Змін у маршрутах не відбулось
2025-05-25 09:38:58,290 - INFO - Змін у шлюзах не відбулось
2025-05-25 09:38:59,548 - INFO - Отримано 4 сесій і 15 маршрутів
2025-05-25 09:38:59,578 - INFO - Дані збережено у data/20250525_093859_overall_bgp_data.json
2025-05-25 09:38:59,579 - INFO - Дані успішно збережено
2025-05-25 09:38:59,579 - INFO - Змін у сессіях не відбулось
2025-05-25 09:38:59,579 - INFO - Змін у маршрутах не відбулось
2025-05-25 09:38:59,579 - INFO - Змін у шлюзах не відбулось
2025-05-25 09:39:00,801 - INFO - Отримано 4 сесій і 15 маршрутів
2025-05-25 09:39:00,802 - INFO - Дані збережено у data/20250525_093900_overall_bgp_data.json
2025-05-25 09:39:00,803 - INFO - Дані успішно збережено
2025-05-25 09:39:00,803 - INFO - Змін у сессіях не відбулось
2025-05-25 09:39:00,803 - INFO - Змін у маршрутах не відбулось
2025-05-25 09:39:00,803 - INFO - Змін у шлюзах не відбулось
2025-05-25 09:39:02,018 - INFO - Отримано 4 сесій і 15 маршрутів
2025-05-25 09:39:02,020 - INFO - Дані збережено у data/20250525_093902_overall_bgp_data.json
2025-05-25 09:39:02,021 - INFO - Дані успішно збережено
2025-05-25 09:39:02,021 - INFO - Змін у сессіях не відбулось
2025-05-25 09:39:02,021 - INFO - Змін у маршрутах не відбулось
2025-05-25 09:39:02,022 - INFO - Змін у шлюзах не відбулось
2025-05-25 09:39:03,240 - INFO - Отримано 4 сесій і 15 маршрутів
2025-05-25 09:39:03,242 - INFO - Дані збережено у data/20250525_093903_overall_bgp_data.json
2025-05-25 09:39:03,242 - INFO - Дані успішно збережено
2025-05-25 09:39:03,243 - INFO - Змін у сессіях не відбулось
2025-05-25 09:39:03,243 - INFO - Змін у маршрутах не відбулось
2025-05-25 09:39:03,243 - INFO - Змін у шлюзах не відбулось
2025-05-25 09:39:04,445 - INFO - Отримано 4 сесій і 13 маршрутів
2025-05-25 09:39:04,467 - INFO - Дані збережено у data/20250525_093904_overall_bgp_data.json
2025-05-25 09:39:04,467 - INFO - Дані успішно збережено
2025-05-25 09:39:04,468 - CRITICAL - Маршрути відмінні від еталону, відстань: 2
2025-05-25 09:39:04,469 - INFO - Змін у сессіях не відбулось
2025-05-25 09:39:04,469 - CRITICAL - Відбулись зміни у маршрутах, відстань: 2
2025-05-25 09:39:04,469 - INFO - Змін у шлюзах не відбулось
2025-05-25 09:39:05,683 - INFO - Отримано 4 сесій і 13 маршрутів
2025-05-25 09:39:05,685 - INFO - Дані збережено у data/20250525_093905_overall_bgp_data.json
2025-05-25 09:39:05,685 - INFO - Дані успішно збережено
2025-05-25 09:39:05,686 - CRITICAL - Маршрути відмінні від еталону, відстань: 2
2025-05-25 09:39:05,686 - INFO - Змін у сессіях не відбулось
2025-05-25 09:39:05,687 - INFO - Змін у маршрутах не відбулось
2025-05-25 09:39:05,687 - INFO - Змін у шлюзах не відбулось
2025-05-25 09:39:06,901 - INFO - Отримано 4 сесій і 13 маршрутів
2025-05-25 09:39:06,903 - INFO - Дані збережено у data/20250525_093906_overall_bgp_data.json
2025-05-25 09:39:06,903 - INFO - Дані успішно збережено
2025-05-25 09:39:06,904 - CRITICAL - Маршрути відмінні від еталону, відстань: 2
2025-05-25 09:39:06,904 - INFO - Змін у сессіях не відбулось
2025-05-25 09:39:06,904 - INFO - Змін у маршрутах не відбулось
2025-05-25 09:39:06,905 - INFO - Змін у шлюзах не відбулось
2025-05-25 09:39:08,417 - INFO - Отримано 4 сесій і 13 маршрутів
2025-05-25 09:39:08,419 - INFO - Дані збережено у data/20250525_093908_overall_bgp_data.json
2025-05-25 09:39:08,419 - INFO - Дані успішно збережено
2025-05-25 09:39:08,421 - CRITICAL - Маршрути відмінні від еталону, відстань: 2
2025-05-25 09:39:08,421 - INFO - Змін у сессіях не відбулось
2025-05-25 09:39:08,422 - INFO - Змін у маршрутах не відбулось
2025-05-25 09:39:08,422 - INFO - Змін у шлюзах не відбулось
2025-05-25 09:39:09,660 - INFO - Отримано 4 сесій і 13 маршрутів
2025-05-25 09:39:09,663 - INFO - Дані збережено у data/20250525_093909_overall_bgp_data.json
2025-05-25 09:39:09,663 - INFO - Дані успішно збережено
2025-05-25 09:39:09,664 - CRITICAL - Маршрути відмінні від еталону, відстань: 2
2025-05-25 09:39:09,664 - INFO - Змін у сессіях не відбулось
2025-05-25 09:39:09,665 - INFO - Змін у маршрутах не відбулось
2025-05-25 09:39:09,665 - INFO - Змін у шлюзах не відбулось
2025-05-25 09:39:10,870 - INFO - Отримано 4 сесій і 13 маршрутів
2025-05-25 09:39:10,872 - INFO - Дані збережено у data/20250525_093910_overall_bgp_data.json
2025-05-25 09:39:10,872 - INFO - Дані успішно збережено
2025-05-25 09:39:10,873 - CRITICAL - Маршрути відмінні від еталону, відстань: 2
2025-05-25 09:39:10,873 - INFO - Змін у сессіях не відбулось
2025-05-25 09:39:10,874 - INFO - Змін у маршрутах не відбулось
2025-05-25 09:39:10,874 - INFO - Змін у шлюзах не відбулось
2025-05-25 09:39:12,084 - INFO - Отримано 4 сесій і 13 маршрутів
2025-05-25 09:39:12,086 - INFO - Дані збережено у data/20250525_093912_overall_bgp_data.json
2025-05-25 09:39:12,086 - INFO - Дані успішно збережено
2025-05-25 09:39:12,087 - CRITICAL - Маршрути відмінні від еталону, відстань: 2
2025-05-25 09:39:12,087 - INFO - Змін у сессіях не відбулось
2025-05-25 09:39:12,087 - INFO - Змін у маршрутах не відбулось
2025-05-25 09:39:12,088 - INFO - Змін у шлюзах не відбулось
2025-05-25 09:39:13,339 - INFO - Отримано 4 сесій і 13 маршрутів
2025-05-25 09:39:13,341 - INFO - Дані збережено у data/20250525_093913_overall_bgp_data.json
2025-05-25 09:39:13,341 - INFO - Дані успішно збережено
2025-05-25 09:39:13,342 - CRITICAL - Маршрути відмінні від еталону, відстань: 2
2025-05-25 09:39:13,342 - INFO - Змін у сессіях не відбулось
2025-05-25 09:39:13,343 - INFO - Змін у маршрутах не відбулось
2025-05-25 09:39:13,343 - INFO - Змін у шлюзах не відбулось
2025-05-25 09:39:14,545 - INFO - Отримано 4 сесій і 13 маршрутів
2025-05-25 09:39:14,548 - INFO - Дані збережено у data/20250525_093914_overall_bgp_data.json
2025-05-25 09:39:14,548 - INFO - Дані успішно збережено
2025-05-25 09:39:14,549 - CRITICAL - Маршрути відмінні від еталону, відстань: 2
2025-05-25 09:39:14,549 - INFO - Змін у сессіях не відбулось
2025-05-25 09:39:14,549 - INFO - Змін у маршрутах не відбулось
2025-05-25 09:39:14,550 - INFO - Змін у шлюзах не відбулось
2025-05-25 09:39:15,759 - INFO - Отримано 4 сесій і 13 маршрутів
2025-05-25 09:39:15,761 - INFO - Дані збережено у data/20250525_093915_overall_bgp_data.json
2025-05-25 09:39:15,761 - INFO - Дані успішно збережено
2025-05-25 09:39:15,762 - CRITICAL - Маршрути відмінні від еталону, відстань: 2
2025-05-25 09:39:15,762 - INFO - Змін у сессіях не відбулось
2025-05-25 09:39:15,762 - INFO - Змін у маршрутах не відбулось
2025-05-25 09:39:15,763 - INFO - Змін у шлюзах не відбулось
2025-05-25 09:39:16,994 - INFO - Отримано 4 сесій і 13 маршрутів
2025-05-25 09:39:16,996 - INFO - Дані збережено у data/20250525_093916_overall_bgp_data.json
2025-05-25 09:39:16,996 - INFO - Дані успішно збережено
2025-05-25 09:39:16,996 - CRITICAL - Маршрути відмінні від еталону, відстань: 2
2025-05-25 09:39:16,997 - INFO - Змін у сессіях не відбулось
2025-05-25 09:39:16,997 - INFO - Змін у маршрутах не відбулось
2025-05-25 09:39:16,997 - INFO - Змін у шлюзах не відбулось
2025-05-25 09:39:18,202 - INFO - Отримано 4 сесій і 13 маршрутів
2025-05-25 09:39:18,204 - INFO - Дані збережено у data/20250525_093918_overall_bgp_data.json
2025-05-25 09:39:18,204 - INFO - Дані успішно збережено
2025-05-25 09:39:18,205 - CRITICAL - Маршрути відмінні від еталону, відстань: 2
2025-05-25 09:39:18,205 - INFO - Змін у сессіях не відбулось
2025-05-25 09:39:18,205 - INFO - Змін у маршрутах не відбулось
2025-05-25 09:39:18,206 - INFO - Змін у шлюзах не відбулось
2025-05-25 09:39:19,421 - INFO - Отримано 4 сесій і 13 маршрутів
2025-05-25 09:39:19,423 - INFO - Дані збережено у data/20250525_093919_overall_bgp_data.json
2025-05-25 09:39:19,423 - INFO - Дані успішно збережено
2025-05-25 09:39:19,424 - CRITICAL - Маршрути відмінні від еталону, відстань: 2
2025-05-25 09:39:19,424 - INFO - Змін у сессіях не відбулось
2025-05-25 09:39:19,425 - INFO - Змін у маршрутах не відбулось
2025-05-25 09:39:19,425 - INFO - Змін у шлюзах не відбулось
2025-05-25 09:39:20,635 - INFO - Отримано 4 сесій і 13 маршрутів
2025-05-25 09:39:20,637 - INFO - Дані збережено у data/20250525_093920_overall_bgp_data.json
2025-05-25 09:39:20,637 - INFO - Дані успішно збережено
2025-05-25 09:39:20,638 - CRITICAL - Маршрути відмінні від еталону, відстань: 2
2025-05-25 09:39:20,638 - INFO - Змін у сессіях не відбулось
2025-05-25 09:39:20,638 - INFO - Змін у маршрутах не відбулось
2025-05-25 09:39:20,638 - INFO - Змін у шлюзах не відбулось
2025-05-25 09:39:21,890 - INFO - Отримано 4 сесій і 13 маршрутів
2025-05-25 09:39:21,892 - INFO - Дані збережено у data/20250525_093921_overall_bgp_data.json
2025-05-25 09:39:21,892 - INFO - Дані успішно збережено
2025-05-25 09:39:21,892 - CRITICAL - Маршрути відмінні від еталону, відстань: 2
2025-05-25 09:39:21,892 - INFO - Змін у сессіях не відбулось
2025-05-25 09:39:21,893 - INFO - Змін у маршрутах не відбулось
2025-05-25 09:39:21,893 - INFO - Змін у шлюзах не відбулось
2025-05-25 09:39:23,118 - INFO - Отримано 4 сесій і 13 маршрутів
2025-05-25 09:39:23,120 - INFO - Дані збережено у data/20250525_093923_overall_bgp_data.json
2025-05-25 09:39:23,120 - INFO - Дані успішно збережено
2025-05-25 09:39:23,121 - CRITICAL - Маршрути відмінні від еталону, відстань: 2
2025-05-25 09:39:23,121 - INFO - Змін у сессіях не відбулось
2025-05-25 09:39:23,121 - INFO - Змін у маршрутах не відбулось
2025-05-25 09:39:23,121 - INFO - Змін у шлюзах не відбулось
2025-05-25 09:39:24,322 - INFO - Отримано 4 сесій і 13 маршрутів
2025-05-25 09:39:24,345 - INFO - Дані збережено у data/20250525_093924_overall_bgp_data.json
2025-05-25 09:39:24,345 - INFO - Дані успішно збережено
2025-05-25 09:39:24,346 - CRITICAL - Маршрути відмінні від еталону, відстань: 2
2025-05-25 09:39:24,346 - INFO - Змін у сессіях не відбулось
2025-05-25 09:39:24,346 - INFO - Змін у маршрутах не відбулось
2025-05-25 09:39:24,347 - INFO - Змін у шлюзах не відбулось
2025-05-25 09:39:25,567 - INFO - Отримано 4 сесій і 13 маршрутів
2025-05-25 09:39:25,618 - INFO - Дані збережено у data/20250525_093925_overall_bgp_data.json
2025-05-25 09:39:25,619 - INFO - Дані успішно збережено
2025-05-25 09:39:25,619 - CRITICAL - Маршрути відмінні від еталону, відстань: 2
2025-05-25 09:39:25,619 - INFO - Змін у сессіях не відбулось
2025-05-25 09:39:25,620 - INFO - Змін у маршрутах не відбулось
2025-05-25 09:39:25,620 - INFO - Змін у шлюзах не відбулось
2025-05-25 09:39:26,972 - INFO - Отримано 4 сесій і 13 маршрутів
2025-05-25 09:39:26,974 - INFO - Дані збережено у data/20250525_093926_overall_bgp_data.json
2025-05-25 09:39:26,974 - INFO - Дані успішно збережено
2025-05-25 09:39:26,975 - CRITICAL - Маршрути відмінні від еталону, відстань: 2
2025-05-25 09:39:26,975 - INFO - Змін у сессіях не відбулось
2025-05-25 09:39:26,976 - INFO - Змін у маршрутах не відбулось
2025-05-25 09:39:26,976 - INFO - Змін у шлюзах не відбулось
2025-05-25 09:39:28,179 - INFO - Отримано 4 сесій і 13 маршрутів
2025-05-25 09:39:28,181 - INFO - Дані збережено у data/20250525_093928_overall_bgp_data.json
2025-05-25 09:39:28,181 - INFO - Дані успішно збережено
2025-05-25 09:39:28,182 - CRITICAL - Маршрути відмінні від еталону, відстань: 2
2025-05-25 09:39:28,182 - INFO - Змін у сессіях не відбулось
2025-05-25 09:39:28,182 - INFO - Змін у маршрутах не відбулось
2025-05-25 09:39:28,183 - INFO - Змін у шлюзах не відбулось
2025-05-25 09:39:29,389 - INFO - Отримано 4 сесій і 13 маршрутів
2025-05-25 09:39:29,391 - INFO - Дані збережено у data/20250525_093929_overall_bgp_data.json
2025-05-25 09:39:29,391 - INFO - Дані успішно збережено
2025-05-25 09:39:29,392 - CRITICAL - Маршрути відмінні від еталону, відстань: 2
2025-05-25 09:39:29,392 - INFO - Змін у сессіях не відбулось
2025-05-25 09:39:29,392 - INFO - Змін у маршрутах не відбулось
2025-05-25 09:39:29,393 - INFO - Змін у шлюзах не відбулось
2025-05-25 09:39:30,613 - INFO - Отримано 4 сесій і 13 маршрутів
2025-05-25 09:39:30,615 - INFO - Дані збережено у data/20250525_093930_overall_bgp_data.json
2025-05-25 09:39:30,616 - INFO - Дані успішно збережено
2025-05-25 09:39:30,616 - CRITICAL - Маршрути відмінні від еталону, відстань: 2
2025-05-25 09:39:30,617 - INFO - Змін у сессіях не відбулось
2025-05-25 09:39:30,617 - INFO - Змін у маршрутах не відбулось
2025-05-25 09:39:30,617 - INFO - Змін у шлюзах не відбулось
2025-05-25 09:39:31,855 - INFO - Отримано 4 сесій і 13 маршрутів
2025-05-25 09:39:31,857 - INFO - Дані збережено у data/20250525_093931_overall_bgp_data.json
2025-05-25 09:39:31,857 - INFO - Дані успішно збережено
2025-05-25 09:39:31,858 - CRITICAL - Маршрути відмінні від еталону, відстань: 2
2025-05-25 09:39:31,858 - INFO - Змін у сессіях не відбулось
2025-05-25 09:39:31,858 - INFO - Змін у маршрутах не відбулось
2025-05-25 09:39:31,859 - INFO - Змін у шлюзах не відбулось
2025-05-25 09:39:33,062 - INFO - Отримано 4 сесій і 13 маршрутів
2025-05-25 09:39:33,063 - INFO - Дані збережено у data/20250525_093933_overall_bgp_data.json
2025-05-25 09:39:33,064 - INFO - Дані успішно збережено
2025-05-25 09:39:33,064 - CRITICAL - Маршрути відмінні від еталону, відстань: 2
2025-05-25 09:39:33,065 - INFO - Змін у сессіях не відбулось
2025-05-25 09:39:33,065 - INFO - Змін у маршрутах не відбулось
2025-05-25 09:39:33,065 - INFO - Змін у шлюзах не відбулось
2025-05-25 09:39:34,323 - INFO - Отримано 4 сесій і 13 маршрутів
2025-05-25 09:39:34,325 - INFO - Дані збережено у data/20250525_093934_overall_bgp_data.json
2025-05-25 09:39:34,326 - INFO - Дані успішно збережено
2025-05-25 09:39:34,326 - CRITICAL - Маршрути відмінні від еталону, відстань: 2
2025-05-25 09:39:34,327 - INFO - Змін у сессіях не відбулось
2025-05-25 09:39:34,327 - INFO - Змін у маршрутах не відбулось
2025-05-25 09:39:34,327 - INFO - Змін у шлюзах не відбулось
2025-05-25 09:39:35,543 - INFO - Отримано 4 сесій і 13 маршрутів
2025-05-25 09:39:35,545 - INFO - Дані збережено у data/20250525_093935_overall_bgp_data.json
2025-05-25 09:39:35,545 - INFO - Дані успішно збережено
2025-05-25 09:39:35,546 - CRITICAL - Маршрути відмінні від еталону, відстань: 2
2025-05-25 09:39:35,546 - INFO - Змін у сессіях не відбулось
2025-05-25 09:39:35,547 - INFO - Змін у маршрутах не відбулось
2025-05-25 09:39:35,547 - INFO - Змін у шлюзах не відбулось
2025-05-25 09:39:36,770 - INFO - Отримано 4 сесій і 13 маршрутів
2025-05-25 09:39:36,772 - INFO - Дані збережено у data/20250525_093936_overall_bgp_data.json
2025-05-25 09:39:36,772 - INFO - Дані успішно збережено
2025-05-25 09:39:36,773 - CRITICAL - Маршрути відмінні від еталону, відстань: 2
2025-05-25 09:39:36,773 - INFO - Змін у сессіях не відбулось
2025-05-25 09:39:36,773 - INFO - Змін у маршрутах не відбулось
2025-05-25 09:39:36,774 - INFO - Змін у шлюзах не відбулось
2025-05-25 09:39:37,996 - INFO - Отримано 4 сесій і 13 маршрутів
2025-05-25 09:39:37,998 - INFO - Дані збережено у data/20250525_093937_overall_bgp_data.json
2025-05-25 09:39:37,999 - INFO - Дані успішно збережено
2025-05-25 09:39:37,999 - CRITICAL - Маршрути відмінні від еталону, відстань: 2
2025-05-25 09:39:38,000 - INFO - Змін у сессіях не відбулось
2025-05-25 09:39:38,000 - INFO - Змін у маршрутах не відбулось
2025-05-25 09:39:38,000 - INFO - Змін у шлюзах не відбулось
2025-05-25 09:39:39,222 - INFO - Отримано 4 сесій і 13 маршрутів
2025-05-25 09:39:39,256 - INFO - Дані збережено у data/20250525_093939_overall_bgp_data.json
2025-05-25 09:39:39,256 - INFO - Дані успішно збережено
2025-05-25 09:39:39,257 - CRITICAL - Маршрути відмінні від еталону, відстань: 2
2025-05-25 09:39:39,257 - INFO - Змін у сессіях не відбулось
2025-05-25 09:39:39,257 - INFO - Змін у маршрутах не відбулось
2025-05-25 09:39:39,258 - INFO - Змін у шлюзах не відбулось
2025-05-25 09:39:40,504 - INFO - Отримано 4 сесій і 15 маршрутів
2025-05-25 09:39:40,506 - INFO - Дані збережено у data/20250525_093940_overall_bgp_data.json
2025-05-25 09:39:40,506 - INFO - Дані успішно збережено
2025-05-25 09:39:40,507 - INFO - Змін у сессіях не відбулось
2025-05-25 09:39:40,508 - CRITICAL - Відбулись зміни у маршрутах, відстань: 2
2025-05-25 09:39:40,508 - INFO - Змін у шлюзах не відбулось
2025-05-25 09:39:41,800 - INFO - Отримано 4 сесій і 15 маршрутів
2025-05-25 09:39:41,802 - INFO - Дані збережено у data/20250525_093941_overall_bgp_data.json
2025-05-25 09:39:41,802 - INFO - Дані успішно збережено
2025-05-25 09:39:41,803 - INFO - Змін у сессіях не відбулось
2025-05-25 09:39:41,803 - INFO - Змін у маршрутах не відбулось
2025-05-25 09:39:41,803 - INFO - Змін у шлюзах не відбулось
2025-05-25 09:39:43,036 - INFO - Отримано 4 сесій і 15 маршрутів
2025-05-25 09:39:43,038 - INFO - Дані збережено у data/20250525_093943_overall_bgp_data.json
2025-05-25 09:39:43,038 - INFO - Дані успішно збережено
2025-05-25 09:39:43,039 - INFO - Змін у сессіях не відбулось
2025-05-25 09:39:43,039 - INFO - Змін у маршрутах не відбулось
2025-05-25 09:39:43,039 - INFO - Змін у шлюзах не відбулось
2025-05-25 09:39:44,269 - INFO - Отримано 4 сесій і 15 маршрутів
2025-05-25 09:39:44,271 - INFO - Дані збережено у data/20250525_093944_overall_bgp_data.json
2025-05-25 09:39:44,272 - INFO - Дані успішно збережено
2025-05-25 09:39:44,272 - INFO - Змін у сессіях не відбулось
2025-05-25 09:39:44,272 - INFO - Змін у маршрутах не відбулось
2025-05-25 09:39:44,273 - INFO - Змін у шлюзах не відбулось
2025-05-25 09:39:45,491 - INFO - Отримано 4 сесій і 15 маршрутів
2025-05-25 09:39:45,493 - INFO - Дані збережено у data/20250525_093945_overall_bgp_data.json
2025-05-25 09:39:45,494 - INFO - Дані успішно збережено
2025-05-25 09:39:45,494 - INFO - Змін у сессіях не відбулось
2025-05-25 09:39:45,494 - INFO - Змін у маршрутах не відбулось
2025-05-25 09:39:45,495 - INFO - Змін у шлюзах не відбулось
2025-05-25 09:39:46,720 - INFO - Отримано 4 сесій і 15 маршрутів
2025-05-25 09:39:46,721 - INFO - Дані збережено у data/20250525_093946_overall_bgp_data.json
2025-05-25 09:39:46,722 - INFO - Дані успішно збережено
2025-05-25 09:39:46,722 - INFO - Змін у сессіях не відбулось
2025-05-25 09:39:46,723 - INFO - Змін у маршрутах не відбулось
2025-05-25 09:39:46,723 - INFO - Змін у шлюзах не відбулось
2025-05-25 09:39:47,948 - INFO - Отримано 4 сесій і 15 маршрутів
2025-05-25 09:39:47,950 - INFO - Дані збережено у data/20250525_093947_overall_bgp_data.json
2025-05-25 09:39:47,950 - INFO - Дані успішно збережено
2025-05-25 09:39:47,951 - INFO - Змін у сессіях не відбулось
2025-05-25 09:39:47,951 - INFO - Змін у маршрутах не відбулось
2025-05-25 09:39:47,951 - INFO - Змін у шлюзах не відбулось
2025-05-25 09:39:49,169 - INFO - Отримано 4 сесій і 15 маршрутів
2025-05-25 09:39:49,170 - INFO - Дані збережено у data/20250525_093949_overall_bgp_data.json
2025-05-25 09:39:49,171 - INFO - Дані успішно збережено
2025-05-25 09:39:49,171 - INFO - Змін у сессіях не відбулось
2025-05-25 09:39:49,171 - INFO - Змін у маршрутах не відбулось
2025-05-25 09:39:49,172 - INFO - Змін у шлюзах не відбулось
2025-05-25 09:39:50,389 - INFO - Отримано 4 сесій і 15 маршрутів
2025-05-25 09:39:50,391 - INFO - Дані збережено у data/20250525_093950_overall_bgp_data.json
2025-05-25 09:39:50,392 - INFO - Дані успішно збережено
2025-05-25 09:39:50,392 - INFO - Змін у сессіях не відбулось
2025-05-25 09:39:50,392 - INFO - Змін у маршрутах не відбулось
2025-05-25 09:39:50,393 - INFO - Змін у шлюзах не відбулось
2025-05-25 09:39:51,612 - INFO - Отримано 4 сесій і 15 маршрутів
2025-05-25 09:39:51,614 - INFO - Дані збережено у data/20250525_093951_overall_bgp_data.json
2025-05-25 09:39:51,615 - INFO - Дані успішно збережено
2025-05-25 09:39:51,615 - INFO - Змін у сессіях не відбулось
2025-05-25 09:39:51,615 - INFO - Змін у маршрутах не відбулось
2025-05-25 09:39:51,616 - INFO - Змін у шлюзах не відбулось
2025-05-25 09:39:52,829 - INFO - Отримано 4 сесій і 15 маршрутів
2025-05-25 09:39:52,856 - INFO - Дані збережено у data/20250525_093952_overall_bgp_data.json
2025-05-25 09:39:52,856 - INFO - Дані успішно збережено
2025-05-25 09:39:52,856 - INFO - Змін у сессіях не відбулось
2025-05-25 09:39:52,857 - INFO - Змін у маршрутах не відбулось
2025-05-25 09:39:52,857 - INFO - Змін у шлюзах не відбулось
2025-05-25 09:39:54,085 - INFO - Отримано 4 сесій і 15 маршрутів
2025-05-25 09:39:54,087 - INFO - Дані збережено у data/20250525_093954_overall_bgp_data.json
2025-05-25 09:39:54,087 - INFO - Дані успішно збережено
2025-05-25 09:39:54,087 - INFO - Змін у сессіях не відбулось
2025-05-25 09:39:54,088 - INFO - Змін у маршрутах не відбулось
2025-05-25 09:39:54,088 - INFO - Змін у шлюзах не відбулось
2025-05-25 09:39:55,310 - INFO - Отримано 4 сесій і 15 маршрутів
2025-05-25 09:39:55,334 - INFO - Дані збережено у data/20250525_093955_overall_bgp_data.json
2025-05-25 09:39:55,335 - INFO - Дані успішно збережено
2025-05-25 09:39:55,335 - INFO - Змін у сессіях не відбулось
2025-05-25 09:39:55,336 - INFO - Змін у маршрутах не відбулось
2025-05-25 09:39:55,336 - INFO - Змін у шлюзах не відбулось
2025-05-25 09:39:56,625 - INFO - Отримано 4 сесій і 15 маршрутів
2025-05-25 09:39:56,627 - INFO - Дані збережено у data/20250525_093956_overall_bgp_data.json
2025-05-25 09:39:56,628 - INFO - Дані успішно збережено
2025-05-25 09:39:56,628 - INFO - Змін у сессіях не відбулось
2025-05-25 09:39:56,628 - INFO - Змін у маршрутах не відбулось
2025-05-25 09:39:56,629 - INFO - Змін у шлюзах не відбулось
2025-05-25 09:39:57,857 - INFO - Отримано 4 сесій і 15 маршрутів
2025-05-25 09:39:57,874 - INFO - Дані збережено у data/20250525_093957_overall_bgp_data.json
2025-05-25 09:39:57,874 - INFO - Дані успішно збережено
2025-05-25 09:39:57,874 - INFO - Змін у сессіях не відбулось
2025-05-25 09:39:57,874 - INFO - Змін у маршрутах не відбулось
2025-05-25 09:39:57,874 - INFO - Змін у шлюзах не відбулось
2025-05-25 09:39:59,137 - INFO - Отримано 4 сесій і 15 маршрутів
2025-05-25 09:39:59,139 - INFO - Дані збережено у data/20250525_093959_overall_bgp_data.json
2025-05-25 09:39:59,139 - INFO - Дані успішно збережено
2025-05-25 09:39:59,139 - INFO - Змін у сессіях не відбулось
2025-05-25 09:39:59,140 - INFO - Змін у маршрутах не відбулось
2025-05-25 09:39:59,140 - INFO - Змін у шлюзах не відбулось
2025-05-25 09:40:00,407 - INFO - Отримано 4 сесій і 15 маршрутів
2025-05-25 09:40:00,431 - INFO - Дані збережено у data/20250525_094000_overall_bgp_data.json
2025-05-25 09:40:00,433 - INFO - Дані успішно збережено
2025-05-25 09:40:00,433 - INFO - Змін у сессіях не відбулось
2025-05-25 09:40:00,434 - INFO - Змін у маршрутах не відбулось
2025-05-25 09:40:00,442 - INFO - Змін у шлюзах не відбулось
2025-05-25 09:40:01,148 - INFO - Connection to MikroTik closed
2025-05-25 09:40:01,149 - INFO - Моніторінг припинено
