2025-05-25 09:37:27,468 - INFO - Запуск програми для моніторингу BGP на MikroTik
2025-05-25 09:37:29,343 - INFO - Моніторінг розпочато
2025-05-25 09:37:29,343 - INFO - Attempting to connect to MikroTik 'admin'@192.168.14.1:80
2025-05-25 09:37:30,780 - INFO - Connected to MikroTik 192.168.14.1: Router4
2025-05-25 09:37:31,055 - INFO - Отримано 4 сесій і 15 маршрутів
2025-05-25 09:37:31,057 - INFO - Дані збережено у data/20250525_093731_overall_bgp_data.json
2025-05-25 09:37:31,057 - INFO - Дані успішно збережено
2025-05-25 09:37:32,402 - INFO - Отримано 4 сесій і 15 маршрутів
2025-05-25 09:37:32,404 - INFO - Дані збережено у data/20250525_093732_overall_bgp_data.json
2025-05-25 09:37:32,404 - INFO - Дані успішно збережено
2025-05-25 09:37:32,404 - INFO - Змін у сессіях не відбулось
2025-05-25 09:37:32,404 - INFO - Змін у маршрутах не відбулось
2025-05-25 09:37:32,404 - INFO - Змін у шлюзах не відбулось
2025-05-25 09:37:33,591 - INFO - Отримано 4 сесій і 15 маршрутів
2025-05-25 09:37:33,593 - INFO - Дані збережено у data/20250525_093733_overall_bgp_data.json
2025-05-25 09:37:33,593 - INFO - Дані успішно збережено
2025-05-25 09:37:33,593 - INFO - Змін у сессіях не відбулось
2025-05-25 09:37:33,594 - INFO - Змін у маршрутах не відбулось
2025-05-25 09:37:33,594 - INFO - Змін у шлюзах не відбулось
2025-05-25 09:37:34,777 - INFO - Отримано 4 сесій і 15 маршрутів
2025-05-25 09:37:34,806 - INFO - Дані збережено у data/20250525_093734_overall_bgp_data.json
2025-05-25 09:37:34,806 - INFO - Дані успішно збережено
2025-05-25 09:37:34,807 - INFO - Змін у сессіях не відбулось
2025-05-25 09:37:34,807 - INFO - Змін у маршрутах не відбулось
2025-05-25 09:37:34,807 - INFO - Змін у шлюзах не відбулось
2025-05-25 09:37:35,987 - INFO - Отримано 4 сесій і 15 маршрутів
2025-05-25 09:37:35,989 - INFO - Дані збережено у data/20250525_093735_overall_bgp_data.json
2025-05-25 09:37:35,989 - INFO - Дані успішно збережено
2025-05-25 09:37:35,989 - INFO - Змін у сессіях не відбулось
2025-05-25 09:37:35,989 - INFO - Змін у маршрутах не відбулось
2025-05-25 09:37:35,989 - INFO - Змін у шлюзах не відбулось
2025-05-25 09:37:37,158 - INFO - Отримано 4 сесій і 15 маршрутів
2025-05-25 09:37:37,160 - INFO - Дані збережено у data/20250525_093737_overall_bgp_data.json
2025-05-25 09:37:37,160 - INFO - Дані успішно збережено
2025-05-25 09:37:37,160 - INFO - Змін у сессіях не відбулось
2025-05-25 09:37:37,160 - INFO - Змін у маршрутах не відбулось
2025-05-25 09:37:37,160 - INFO - Змін у шлюзах не відбулось
2025-05-25 09:37:38,338 - INFO - Отримано 4 сесій і 15 маршрутів
2025-05-25 09:37:38,339 - INFO - Дані збережено у data/20250525_093738_overall_bgp_data.json
2025-05-25 09:37:38,340 - INFO - Дані успішно збережено
2025-05-25 09:37:38,340 - INFO - Змін у сессіях не відбулось
2025-05-25 09:37:38,340 - INFO - Змін у маршрутах не відбулось
2025-05-25 09:37:38,340 - INFO - Змін у шлюзах не відбулось
2025-05-25 09:37:39,525 - INFO - Отримано 4 сесій і 15 маршрутів
2025-05-25 09:37:39,527 - INFO - Дані збережено у data/20250525_093739_overall_bgp_data.json
2025-05-25 09:37:39,527 - INFO - Дані успішно збережено
2025-05-25 09:37:39,527 - INFO - Змін у сессіях не відбулось
2025-05-25 09:37:39,527 - INFO - Змін у маршрутах не відбулось
2025-05-25 09:37:39,527 - INFO - Змін у шлюзах не відбулось
2025-05-25 09:37:40,715 - INFO - Отримано 4 сесій і 15 маршрутів
2025-05-25 09:37:40,716 - INFO - Дані збережено у data/20250525_093740_overall_bgp_data.json
2025-05-25 09:37:40,716 - INFO - Дані успішно збережено
2025-05-25 09:37:40,717 - INFO - Змін у сессіях не відбулось
2025-05-25 09:37:40,717 - INFO - Змін у маршрутах не відбулось
2025-05-25 09:37:40,717 - INFO - Змін у шлюзах не відбулось
2025-05-25 09:37:41,900 - INFO - Отримано 4 сесій і 15 маршрутів
2025-05-25 09:37:41,902 - INFO - Дані збережено у data/20250525_093741_overall_bgp_data.json
2025-05-25 09:37:41,902 - INFO - Дані успішно збережено
2025-05-25 09:37:41,902 - INFO - Змін у сессіях не відбулось
2025-05-25 09:37:41,902 - INFO - Змін у маршрутах не відбулось
2025-05-25 09:37:41,902 - INFO - Змін у шлюзах не відбулось
2025-05-25 09:37:43,100 - INFO - Отримано 4 сесій і 15 маршрутів
2025-05-25 09:37:43,101 - INFO - Дані збережено у data/20250525_093743_overall_bgp_data.json
2025-05-25 09:37:43,101 - INFO - Дані успішно збережено
2025-05-25 09:37:43,101 - INFO - Змін у сессіях не відбулось
2025-05-25 09:37:43,101 - INFO - Змін у маршрутах не відбулось
2025-05-25 09:37:43,102 - INFO - Змін у шлюзах не відбулось
2025-05-25 09:37:44,292 - INFO - Отримано 4 сесій і 15 маршрутів
2025-05-25 09:37:44,518 - INFO - Дані збережено у data/20250525_093744_overall_bgp_data.json
2025-05-25 09:37:44,518 - INFO - Дані успішно збережено
2025-05-25 09:37:44,518 - INFO - Змін у сессіях не відбулось
2025-05-25 09:37:44,518 - INFO - Змін у маршрутах не відбулось
2025-05-25 09:37:44,518 - INFO - Змін у шлюзах не відбулось
2025-05-25 09:37:45,718 - INFO - Отримано 4 сесій і 15 маршрутів
2025-05-25 09:37:45,720 - INFO - Дані збережено у data/20250525_093745_overall_bgp_data.json
2025-05-25 09:37:45,720 - INFO - Дані успішно збережено
2025-05-25 09:37:45,720 - INFO - Змін у сессіях не відбулось
2025-05-25 09:37:45,720 - INFO - Змін у маршрутах не відбулось
2025-05-25 09:37:45,720 - INFO - Змін у шлюзах не відбулось
2025-05-25 09:37:46,912 - INFO - Отримано 4 сесій і 15 маршрутів
2025-05-25 09:37:46,913 - INFO - Дані збережено у data/20250525_093746_overall_bgp_data.json
2025-05-25 09:37:46,914 - INFO - Дані успішно збережено
2025-05-25 09:37:46,914 - INFO - Змін у сессіях не відбулось
2025-05-25 09:37:46,914 - INFO - Змін у маршрутах не відбулось
2025-05-25 09:37:46,914 - INFO - Змін у шлюзах не відбулось
2025-05-25 09:37:48,100 - INFO - Отримано 4 сесій і 15 маршрутів
2025-05-25 09:37:48,101 - INFO - Дані збережено у data/20250525_093748_overall_bgp_data.json
2025-05-25 09:37:48,101 - INFO - Дані успішно збережено
2025-05-25 09:37:48,101 - INFO - Змін у сессіях не відбулось
2025-05-25 09:37:48,102 - INFO - Змін у маршрутах не відбулось
2025-05-25 09:37:48,102 - INFO - Змін у шлюзах не відбулось
2025-05-25 09:37:49,290 - INFO - Отримано 4 сесій і 15 маршрутів
2025-05-25 09:37:49,329 - INFO - Дані збережено у data/20250525_093749_overall_bgp_data.json
2025-05-25 09:37:49,329 - INFO - Дані успішно збережено
2025-05-25 09:37:49,329 - INFO - Змін у сессіях не відбулось
2025-05-25 09:37:49,329 - INFO - Змін у маршрутах не відбулось
2025-05-25 09:37:49,329 - INFO - Змін у шлюзах не відбулось
2025-05-25 09:37:50,359 - INFO - Connection to MikroTik closed
2025-05-25 09:37:50,360 - INFO - Моніторінг припинено
